This file contains any messages produced by compilers while
running configure, to aid debugging if configure makes a mistake.

It was created by Google C++ Mocking Framework configure 1.7.0, which was
generated by GNU Autoconf 2.69.  Invocation command line was

  $ ./configure --disable-option-checking --prefix=/usr/local --host=arm-linux-androideabi --with-sysroot=/home/user/SDKS/ANDROID/NDK/android-ndk-r13b/platforms/android-9/arch-arm --enable-cross-compile --with-protoc=protoc --disable-static --enable-shared CXX=/home/user/SDKS/ANDROID/NDK/android-ndk-r13b/toolchains/arm-linux-androideabi-4.9/prebuilt/linux-x86_64/bin/arm-linux-androideabi-g++ -march=armv7-a -mfloat-abi=softfp -DGOOGLE_PROTOBUF_NO_RTTI --sysroot=/home/user/SDKS/ANDROID/NDK/android-ndk-r13b/platforms/android-9/arch-arm CC=/home/user/SDKS/ANDROID/NDK/android-ndk-r13b/toolchains/arm-linux-androideabi-4.9/prebuilt/linux-x86_64/bin/arm-linux-androideabi-g++ -march=armv7-a -mfloat-abi=softfp -DGOOGLE_PROTOBUF_NO_RTTI --sysroot=/home/user/SDKS/ANDROID/NDK/android-ndk-r13b/platforms/android-9/arch-arm LD=/home/user/SDKS/ANDROID/NDK/android-ndk-r13b/toolchains/arm-linux-androideabi-4.9/prebuilt/linux-x86_64/arm-linux-androideabi/bin/ld --sysroot=/home/user/SDKS/ANDROID/NDK/android-ndk-r13b/platforms/android-9/arch-arm host_alias=arm-linux-androideabi LDFLAGS=--sysroot=/home/user/SDKS/ANDROID/NDK/android-ndk-r13b/platforms/android-9/arch-arm LIBS=-llog /home/user/SDKS/ANDROID/NDK/android-ndk-r13b/sources/cxx-stl/stlport/libs/armeabi-v7a/libstlport_static.a CPPFLAGS=-D__ANDROID__=1 -DANDROID_STLPORT=1 CXXFLAGS=-march=armv7-a -mfloat-abi=softfp -DGOOGLE_PROTOBUF_NO_RTTI --sysroot=/home/user/SDKS/ANDROID/NDK/android-ndk-r13b/platforms/android-9/arch-arm --cache-file=/dev/null --srcdir=.

## --------- ##
## Platform. ##
## --------- ##

hostname = user-desktop
uname -m = x86_64
uname -r = 4.4.0-81-generic
uname -s = Linux
uname -v = #104-Ubuntu SMP Wed Jun 14 08:17:06 UTC 2017

/usr/bin/uname -p = unknown
/bin/uname -X     = unknown

/bin/arch              = unknown
/usr/bin/arch -k       = unknown
/usr/convex/getsysinfo = unknown
/usr/bin/hostinfo      = unknown
/bin/machine           = unknown
/usr/bin/oslevel       = unknown
/bin/universe          = unknown

PATH: /home/user/.cargo/bin
PATH: /home/user/bin
PATH: /usr/local/sbin
PATH: /usr/local/bin
PATH: /usr/sbin
PATH: /usr/bin
PATH: /sbin
PATH: /bin
PATH: /usr/games
PATH: /usr/local/games
PATH: /snap/bin


## ----------- ##
## Core tests. ##
## ----------- ##

configure:2377: checking for a BSD-compatible install
configure:2445: result: /usr/bin/install -c
configure:2456: checking whether build environment is sane
configure:2511: result: yes
configure:2570: checking for arm-linux-androideabi-strip
configure:2600: result: no
configure:2610: checking for strip
configure:2626: found /usr/bin/strip
configure:2637: result: strip
configure:2662: checking for a thread-safe mkdir -p
configure:2701: result: /bin/mkdir -p
configure:2708: checking for gawk
configure:2724: found /usr/bin/gawk
configure:2735: result: gawk
configure:2746: checking whether make sets $(MAKE)
configure:2768: result: yes
configure:2797: checking whether make supports nested variables
configure:2814: result: yes
configure:2950: checking for arm-linux-androideabi-gcc
configure:2977: result: /home/user/SDKS/ANDROID/NDK/android-ndk-r13b/toolchains/arm-linux-androideabi-4.9/prebuilt/linux-x86_64/bin/arm-linux-androideabi-g++ -march=armv7-a -mfloat-abi=softfp -DGOOGLE_PROTOBUF_NO_RTTI --sysroot=/home/user/SDKS/ANDROID/NDK/android-ndk-r13b/platforms/android-9/arch-arm
configure:3246: checking for C compiler version
configure:3255: /home/user/SDKS/ANDROID/NDK/android-ndk-r13b/toolchains/arm-linux-androideabi-4.9/prebuilt/linux-x86_64/bin/arm-linux-androideabi-g++ -march=armv7-a -mfloat-abi=softfp -DGOOGLE_PROTOBUF_NO_RTTI --sysroot=/home/user/SDKS/ANDROID/NDK/android-ndk-r13b/platforms/android-9/arch-arm --version >&5
arm-linux-androideabi-g++ (GCC) 4.9.x 20150123 (prerelease)
Copyright (C) 2014 Free Software Foundation, Inc.
This is free software; see the source for copying conditions.  There is NO
warranty; not even for MERCHANTABILITY or FITNESS FOR A PARTICULAR PURPOSE.

configure:3266: $? = 0
configure:3255: /home/user/SDKS/ANDROID/NDK/android-ndk-r13b/toolchains/arm-linux-androideabi-4.9/prebuilt/linux-x86_64/bin/arm-linux-androideabi-g++ -march=armv7-a -mfloat-abi=softfp -DGOOGLE_PROTOBUF_NO_RTTI --sysroot=/home/user/SDKS/ANDROID/NDK/android-ndk-r13b/platforms/android-9/arch-arm -v >&5
Using built-in specs.
COLLECT_GCC=/home/user/SDKS/ANDROID/NDK/android-ndk-r13b/toolchains/arm-linux-androideabi-4.9/prebuilt/linux-x86_64/bin/arm-linux-androideabi-g++
COLLECT_LTO_WRAPPER=/home/user/SDKS/ANDROID/NDK/android-ndk-r13b/toolchains/arm-linux-androideabi-4.9/prebuilt/linux-x86_64/bin/../libexec/gcc/arm-linux-androideabi/4.9.x/lto-wrapper
Target: arm-linux-androideabi
Configured with: /usr/local/google/buildbot/src/android/gcc/toolchain/build/../gcc/gcc-4.9/configure --prefix=/tmp/59719db9ae19ff43aef46bbcb79596b6 --target=arm-linux-androideabi --host=x86_64-linux-gnu --build=x86_64-linux-gnu --with-gnu-as --with-gnu-ld --enable-languages=c,c++ --with-gmp=/buildbot/tmp/build/toolchain/temp-install --with-mpfr=/buildbot/tmp/build/toolchain/temp-install --with-mpc=/buildbot/tmp/build/toolchain/temp-install --with-cloog=/buildbot/tmp/build/toolchain/temp-install --with-isl=/buildbot/tmp/build/toolchain/temp-install --with-ppl=/buildbot/tmp/build/toolchain/temp-install --disable-ppl-version-check --disable-cloog-version-check --disable-isl-version-check --enable-cloog-backend=isl --with-host-libstdcxx='-static-libgcc -Wl,-Bstatic,-lstdc++,-Bdynamic -lm' --disable-libssp --enable-threads --disable-nls --disable-libmudflap --disable-libgomp --disable-libstdc__-v3 --disable-sjlj-exceptions --disable-shared --disable-tls --disable-libitm --with-float=soft --with-fpu=vfp --with-arch=armv5te --enable-target-optspace --enable-bionic-libs --enable-libatomic-ifuncs=no --enable-initfini-array --disable-nls --prefix=/tmp/59719db9ae19ff43aef46bbcb79596b6 --with-sysroot=/tmp/59719db9ae19ff43aef46bbcb79596b6/sysroot --with-binutils-version=2.25 --with-mpfr-version=3.1.1 --with-mpc-version=1.0.1 --with-gmp-version=5.0.5 --with-gcc-version=4.9 --with-gdb-version=none --with-gxx-include-dir=/tmp/59719db9ae19ff43aef46bbcb79596b6/include/c++/4.9.x --with-bugurl=http://source.android.com/source/report-bugs.html --enable-languages=c,c++ --disable-bootstrap --enable-plugins --enable-libgomp --enable-gnu-indirect-function --disable-libsanitizer --enable-gold --enable-threads --enable-eh-frame-hdr-for-static --enable-graphite=yes --with-isl-version=0.11.1 --with-cloog-version=0.18.0 --with-arch=armv5te --program-transform-name='s&^&arm-linux-androideabi-&' --enable-gold=default
Thread model: posix
gcc version 4.9.x 20150123 (prerelease) (GCC) 
configure:3266: $? = 0
configure:3255: /home/user/SDKS/ANDROID/NDK/android-ndk-r13b/toolchains/arm-linux-androideabi-4.9/prebuilt/linux-x86_64/bin/arm-linux-androideabi-g++ -march=armv7-a -mfloat-abi=softfp -DGOOGLE_PROTOBUF_NO_RTTI --sysroot=/home/user/SDKS/ANDROID/NDK/android-ndk-r13b/platforms/android-9/arch-arm -V >&5
arm-linux-androideabi-g++: error: unrecognized command line option '-V'
arm-linux-androideabi-g++: fatal error: no input files
compilation terminated.
configure:3266: $? = 1
configure:3255: /home/user/SDKS/ANDROID/NDK/android-ndk-r13b/toolchains/arm-linux-androideabi-4.9/prebuilt/linux-x86_64/bin/arm-linux-androideabi-g++ -march=armv7-a -mfloat-abi=softfp -DGOOGLE_PROTOBUF_NO_RTTI --sysroot=/home/user/SDKS/ANDROID/NDK/android-ndk-r13b/platforms/android-9/arch-arm -qversion >&5
arm-linux-androideabi-g++: error: unrecognized command line option '-qversion'
arm-linux-androideabi-g++: fatal error: no input files
compilation terminated.
configure:3266: $? = 1
configure:3286: checking whether the C compiler works
configure:3308: /home/user/SDKS/ANDROID/NDK/android-ndk-r13b/toolchains/arm-linux-androideabi-4.9/prebuilt/linux-x86_64/bin/arm-linux-androideabi-g++ -march=armv7-a -mfloat-abi=softfp -DGOOGLE_PROTOBUF_NO_RTTI --sysroot=/home/user/SDKS/ANDROID/NDK/android-ndk-r13b/platforms/android-9/arch-arm  -D__ANDROID__=1 -DANDROID_STLPORT=1 --sysroot=/home/user/SDKS/ANDROID/NDK/android-ndk-r13b/platforms/android-9/arch-arm conftest.c -llog /home/user/SDKS/ANDROID/NDK/android-ndk-r13b/sources/cxx-stl/stlport/libs/armeabi-v7a/libstlport_static.a >&5
configure:3312: $? = 0
configure:3360: result: yes
configure:3363: checking for C compiler default output file name
configure:3365: result: a.out
configure:3371: checking for suffix of executables
configure:3378: /home/user/SDKS/ANDROID/NDK/android-ndk-r13b/toolchains/arm-linux-androideabi-4.9/prebuilt/linux-x86_64/bin/arm-linux-androideabi-g++ -march=armv7-a -mfloat-abi=softfp -DGOOGLE_PROTOBUF_NO_RTTI --sysroot=/home/user/SDKS/ANDROID/NDK/android-ndk-r13b/platforms/android-9/arch-arm -o conftest  -D__ANDROID__=1 -DANDROID_STLPORT=1 --sysroot=/home/user/SDKS/ANDROID/NDK/android-ndk-r13b/platforms/android-9/arch-arm conftest.c -llog /home/user/SDKS/ANDROID/NDK/android-ndk-r13b/sources/cxx-stl/stlport/libs/armeabi-v7a/libstlport_static.a >&5
configure:3382: $? = 0
configure:3404: result: 
configure:3426: checking whether we are cross compiling
configure:3434: /home/user/SDKS/ANDROID/NDK/android-ndk-r13b/toolchains/arm-linux-androideabi-4.9/prebuilt/linux-x86_64/bin/arm-linux-androideabi-g++ -march=armv7-a -mfloat-abi=softfp -DGOOGLE_PROTOBUF_NO_RTTI --sysroot=/home/user/SDKS/ANDROID/NDK/android-ndk-r13b/platforms/android-9/arch-arm -o conftest  -D__ANDROID__=1 -DANDROID_STLPORT=1 --sysroot=/home/user/SDKS/ANDROID/NDK/android-ndk-r13b/platforms/android-9/arch-arm conftest.c -llog /home/user/SDKS/ANDROID/NDK/android-ndk-r13b/sources/cxx-stl/stlport/libs/armeabi-v7a/libstlport_static.a >&5
configure:3438: $? = 0
configure:3445: ./conftest
./configure: line 3447: ./conftest: cannot execute binary file: Exec format error
configure:3449: $? = 126
configure:3464: result: yes
configure:3469: checking for suffix of object files
configure:3491: /home/user/SDKS/ANDROID/NDK/android-ndk-r13b/toolchains/arm-linux-androideabi-4.9/prebuilt/linux-x86_64/bin/arm-linux-androideabi-g++ -march=armv7-a -mfloat-abi=softfp -DGOOGLE_PROTOBUF_NO_RTTI --sysroot=/home/user/SDKS/ANDROID/NDK/android-ndk-r13b/platforms/android-9/arch-arm -c  -D__ANDROID__=1 -DANDROID_STLPORT=1 conftest.c >&5
configure:3495: $? = 0
configure:3516: result: o
configure:3520: checking whether we are using the GNU C compiler
configure:3539: /home/user/SDKS/ANDROID/NDK/android-ndk-r13b/toolchains/arm-linux-androideabi-4.9/prebuilt/linux-x86_64/bin/arm-linux-androideabi-g++ -march=armv7-a -mfloat-abi=softfp -DGOOGLE_PROTOBUF_NO_RTTI --sysroot=/home/user/SDKS/ANDROID/NDK/android-ndk-r13b/platforms/android-9/arch-arm -c  -D__ANDROID__=1 -DANDROID_STLPORT=1 conftest.c >&5
configure:3539: $? = 0
configure:3548: result: yes
configure:3557: checking whether /home/user/SDKS/ANDROID/NDK/android-ndk-r13b/toolchains/arm-linux-androideabi-4.9/prebuilt/linux-x86_64/bin/arm-linux-androideabi-g++ -march=armv7-a -mfloat-abi=softfp -DGOOGLE_PROTOBUF_NO_RTTI --sysroot=/home/user/SDKS/ANDROID/NDK/android-ndk-r13b/platforms/android-9/arch-arm accepts -g
configure:3577: /home/user/SDKS/ANDROID/NDK/android-ndk-r13b/toolchains/arm-linux-androideabi-4.9/prebuilt/linux-x86_64/bin/arm-linux-androideabi-g++ -march=armv7-a -mfloat-abi=softfp -DGOOGLE_PROTOBUF_NO_RTTI --sysroot=/home/user/SDKS/ANDROID/NDK/android-ndk-r13b/platforms/android-9/arch-arm -c -g -D__ANDROID__=1 -DANDROID_STLPORT=1 conftest.c >&5
configure:3577: $? = 0
configure:3618: result: yes
configure:3635: checking for /home/user/SDKS/ANDROID/NDK/android-ndk-r13b/toolchains/arm-linux-androideabi-4.9/prebuilt/linux-x86_64/bin/arm-linux-androideabi-g++ -march=armv7-a -mfloat-abi=softfp -DGOOGLE_PROTOBUF_NO_RTTI --sysroot=/home/user/SDKS/ANDROID/NDK/android-ndk-r13b/platforms/android-9/arch-arm option to accept ISO C89
configure:3698: /home/user/SDKS/ANDROID/NDK/android-ndk-r13b/toolchains/arm-linux-androideabi-4.9/prebuilt/linux-x86_64/bin/arm-linux-androideabi-g++ -march=armv7-a -mfloat-abi=softfp -DGOOGLE_PROTOBUF_NO_RTTI --sysroot=/home/user/SDKS/ANDROID/NDK/android-ndk-r13b/platforms/android-9/arch-arm  -c  -D__ANDROID__=1 -DANDROID_STLPORT=1 conftest.c >&5
conftest.c:17:17: error: 'p' was not declared in this scope
 static char *e (p, i)
                 ^
conftest.c:17:20: error: 'i' was not declared in this scope
 static char *e (p, i)
                    ^
conftest.c:17:21: error: expression list treated as compound expression in initializer [-fpermissive]
 static char *e (p, i)
                     ^
conftest.c:18:6: error: expected ',' or ';' before 'char'
      char **p;
      ^
conftest.c:20:1: error: expected unqualified-id before '{' token
 {
 ^
conftest.c: In function 'int main()':
conftest.c:56:21: error: cannot convert 'char*' to 'char* (*)(char**, int)' for argument '1' to 'char* f(char* (*)(char**, int), char**, ...)'
 return f (e, argv, 0) != argv[0]  ||  f (e, argv, 1) != argv[1];
                     ^
conftest.c:56:52: error: cannot convert 'char*' to 'char* (*)(char**, int)' for argument '1' to 'char* f(char* (*)(char**, int), char**, ...)'
 return f (e, argv, 0) != argv[0]  ||  f (e, argv, 1) != argv[1];
                                                    ^
configure:3698: $? = 1
configure: failed program was:
| /* confdefs.h */
| #define PACKAGE_NAME "Google C++ Mocking Framework"
| #define PACKAGE_TARNAME "gmock"
| #define PACKAGE_VERSION "1.7.0"
| #define PACKAGE_STRING "Google C++ Mocking Framework 1.7.0"
| #define PACKAGE_BUGREPORT "googlemock@googlegroups.com"
| #define PACKAGE_URL ""
| #define PACKAGE "gmock"
| #define VERSION "1.7.0"
| /* end confdefs.h.  */
| #include <stdarg.h>
| #include <stdio.h>
| struct stat;
| /* Most of the following tests are stolen from RCS 5.7's src/conf.sh.  */
| struct buf { int x; };
| FILE * (*rcsopen) (struct buf *, struct stat *, int);
| static char *e (p, i)
|      char **p;
|      int i;
| {
|   return p[i];
| }
| static char *f (char * (*g) (char **, int), char **p, ...)
| {
|   char *s;
|   va_list v;
|   va_start (v,p);
|   s = g (p, va_arg (v,int));
|   va_end (v);
|   return s;
| }
| 
| /* OSF 4.0 Compaq cc is some sort of almost-ANSI by default.  It has
|    function prototypes and stuff, but not '\xHH' hex character constants.
|    These don't provoke an error unfortunately, instead are silently treated
|    as 'x'.  The following induces an error, until -std is added to get
|    proper ANSI mode.  Curiously '\x00'!='x' always comes out true, for an
|    array size at least.  It's necessary to write '\x00'==0 to get something
|    that's true only with -std.  */
| int osf4_cc_array ['\x00' == 0 ? 1 : -1];
| 
| /* IBM C 6 for AIX is almost-ANSI by default, but it replaces macro parameters
|    inside strings and character constants.  */
| #define FOO(x) 'x'
| int xlc6_cc_array[FOO(a) == 'x' ? 1 : -1];
| 
| int test (int i, double x);
| struct s1 {int (*f) (int a);};
| struct s2 {int (*f) (double a);};
| int pairnames (int, char **, FILE *(*)(struct buf *, struct stat *, int), int, int);
| int argc;
| char **argv;
| int
| main ()
| {
| return f (e, argv, 0) != argv[0]  ||  f (e, argv, 1) != argv[1];
|   ;
|   return 0;
| }
configure:3698: /home/user/SDKS/ANDROID/NDK/android-ndk-r13b/toolchains/arm-linux-androideabi-4.9/prebuilt/linux-x86_64/bin/arm-linux-androideabi-g++ -march=armv7-a -mfloat-abi=softfp -DGOOGLE_PROTOBUF_NO_RTTI --sysroot=/home/user/SDKS/ANDROID/NDK/android-ndk-r13b/platforms/android-9/arch-arm -qlanglvl=extc89 -c  -D__ANDROID__=1 -DANDROID_STLPORT=1 conftest.c >&5
arm-linux-androideabi-g++: error: unrecognized command line option '-qlanglvl=extc89'
configure:3698: $? = 1
configure: failed program was:
| /* confdefs.h */
| #define PACKAGE_NAME "Google C++ Mocking Framework"
| #define PACKAGE_TARNAME "gmock"
| #define PACKAGE_VERSION "1.7.0"
| #define PACKAGE_STRING "Google C++ Mocking Framework 1.7.0"
| #define PACKAGE_BUGREPORT "googlemock@googlegroups.com"
| #define PACKAGE_URL ""
| #define PACKAGE "gmock"
| #define VERSION "1.7.0"
| /* end confdefs.h.  */
| #include <stdarg.h>
| #include <stdio.h>
| struct stat;
| /* Most of the following tests are stolen from RCS 5.7's src/conf.sh.  */
| struct buf { int x; };
| FILE * (*rcsopen) (struct buf *, struct stat *, int);
| static char *e (p, i)
|      char **p;
|      int i;
| {
|   return p[i];
| }
| static char *f (char * (*g) (char **, int), char **p, ...)
| {
|   char *s;
|   va_list v;
|   va_start (v,p);
|   s = g (p, va_arg (v,int));
|   va_end (v);
|   return s;
| }
| 
| /* OSF 4.0 Compaq cc is some sort of almost-ANSI by default.  It has
|    function prototypes and stuff, but not '\xHH' hex character constants.
|    These don't provoke an error unfortunately, instead are silently treated
|    as 'x'.  The following induces an error, until -std is added to get
|    proper ANSI mode.  Curiously '\x00'!='x' always comes out true, for an
|    array size at least.  It's necessary to write '\x00'==0 to get something
|    that's true only with -std.  */
| int osf4_cc_array ['\x00' == 0 ? 1 : -1];
| 
| /* IBM C 6 for AIX is almost-ANSI by default, but it replaces macro parameters
|    inside strings and character constants.  */
| #define FOO(x) 'x'
| int xlc6_cc_array[FOO(a) == 'x' ? 1 : -1];
| 
| int test (int i, double x);
| struct s1 {int (*f) (int a);};
| struct s2 {int (*f) (double a);};
| int pairnames (int, char **, FILE *(*)(struct buf *, struct stat *, int), int, int);
| int argc;
| char **argv;
| int
| main ()
| {
| return f (e, argv, 0) != argv[0]  ||  f (e, argv, 1) != argv[1];
|   ;
|   return 0;
| }
configure:3698: /home/user/SDKS/ANDROID/NDK/android-ndk-r13b/toolchains/arm-linux-androideabi-4.9/prebuilt/linux-x86_64/bin/arm-linux-androideabi-g++ -march=armv7-a -mfloat-abi=softfp -DGOOGLE_PROTOBUF_NO_RTTI --sysroot=/home/user/SDKS/ANDROID/NDK/android-ndk-r13b/platforms/android-9/arch-arm -qlanglvl=ansi -c  -D__ANDROID__=1 -DANDROID_STLPORT=1 conftest.c >&5
arm-linux-androideabi-g++: error: unrecognized command line option '-qlanglvl=ansi'
configure:3698: $? = 1
configure: failed program was:
| /* confdefs.h */
| #define PACKAGE_NAME "Google C++ Mocking Framework"
| #define PACKAGE_TARNAME "gmock"
| #define PACKAGE_VERSION "1.7.0"
| #define PACKAGE_STRING "Google C++ Mocking Framework 1.7.0"
| #define PACKAGE_BUGREPORT "googlemock@googlegroups.com"
| #define PACKAGE_URL ""
| #define PACKAGE "gmock"
| #define VERSION "1.7.0"
| /* end confdefs.h.  */
| #include <stdarg.h>
| #include <stdio.h>
| struct stat;
| /* Most of the following tests are stolen from RCS 5.7's src/conf.sh.  */
| struct buf { int x; };
| FILE * (*rcsopen) (struct buf *, struct stat *, int);
| static char *e (p, i)
|      char **p;
|      int i;
| {
|   return p[i];
| }
| static char *f (char * (*g) (char **, int), char **p, ...)
| {
|   char *s;
|   va_list v;
|   va_start (v,p);
|   s = g (p, va_arg (v,int));
|   va_end (v);
|   return s;
| }
| 
| /* OSF 4.0 Compaq cc is some sort of almost-ANSI by default.  It has
|    function prototypes and stuff, but not '\xHH' hex character constants.
|    These don't provoke an error unfortunately, instead are silently treated
|    as 'x'.  The following induces an error, until -std is added to get
|    proper ANSI mode.  Curiously '\x00'!='x' always comes out true, for an
|    array size at least.  It's necessary to write '\x00'==0 to get something
|    that's true only with -std.  */
| int osf4_cc_array ['\x00' == 0 ? 1 : -1];
| 
| /* IBM C 6 for AIX is almost-ANSI by default, but it replaces macro parameters
|    inside strings and character constants.  */
| #define FOO(x) 'x'
| int xlc6_cc_array[FOO(a) == 'x' ? 1 : -1];
| 
| int test (int i, double x);
| struct s1 {int (*f) (int a);};
| struct s2 {int (*f) (double a);};
| int pairnames (int, char **, FILE *(*)(struct buf *, struct stat *, int), int, int);
| int argc;
| char **argv;
| int
| main ()
| {
| return f (e, argv, 0) != argv[0]  ||  f (e, argv, 1) != argv[1];
|   ;
|   return 0;
| }
configure:3698: /home/user/SDKS/ANDROID/NDK/android-ndk-r13b/toolchains/arm-linux-androideabi-4.9/prebuilt/linux-x86_64/bin/arm-linux-androideabi-g++ -march=armv7-a -mfloat-abi=softfp -DGOOGLE_PROTOBUF_NO_RTTI --sysroot=/home/user/SDKS/ANDROID/NDK/android-ndk-r13b/platforms/android-9/arch-arm -std -c  -D__ANDROID__=1 -DANDROID_STLPORT=1 conftest.c >&5
arm-linux-androideabi-g++: error: unrecognized command line option '-std'
configure:3698: $? = 1
configure: failed program was:
| /* confdefs.h */
| #define PACKAGE_NAME "Google C++ Mocking Framework"
| #define PACKAGE_TARNAME "gmock"
| #define PACKAGE_VERSION "1.7.0"
| #define PACKAGE_STRING "Google C++ Mocking Framework 1.7.0"
| #define PACKAGE_BUGREPORT "googlemock@googlegroups.com"
| #define PACKAGE_URL ""
| #define PACKAGE "gmock"
| #define VERSION "1.7.0"
| /* end confdefs.h.  */
| #include <stdarg.h>
| #include <stdio.h>
| struct stat;
| /* Most of the following tests are stolen from RCS 5.7's src/conf.sh.  */
| struct buf { int x; };
| FILE * (*rcsopen) (struct buf *, struct stat *, int);
| static char *e (p, i)
|      char **p;
|      int i;
| {
|   return p[i];
| }
| static char *f (char * (*g) (char **, int), char **p, ...)
| {
|   char *s;
|   va_list v;
|   va_start (v,p);
|   s = g (p, va_arg (v,int));
|   va_end (v);
|   return s;
| }
| 
| /* OSF 4.0 Compaq cc is some sort of almost-ANSI by default.  It has
|    function prototypes and stuff, but not '\xHH' hex character constants.
|    These don't provoke an error unfortunately, instead are silently treated
|    as 'x'.  The following induces an error, until -std is added to get
|    proper ANSI mode.  Curiously '\x00'!='x' always comes out true, for an
|    array size at least.  It's necessary to write '\x00'==0 to get something
|    that's true only with -std.  */
| int osf4_cc_array ['\x00' == 0 ? 1 : -1];
| 
| /* IBM C 6 for AIX is almost-ANSI by default, but it replaces macro parameters
|    inside strings and character constants.  */
| #define FOO(x) 'x'
| int xlc6_cc_array[FOO(a) == 'x' ? 1 : -1];
| 
| int test (int i, double x);
| struct s1 {int (*f) (int a);};
| struct s2 {int (*f) (double a);};
| int pairnames (int, char **, FILE *(*)(struct buf *, struct stat *, int), int, int);
| int argc;
| char **argv;
| int
| main ()
| {
| return f (e, argv, 0) != argv[0]  ||  f (e, argv, 1) != argv[1];
|   ;
|   return 0;
| }
configure:3698: /home/user/SDKS/ANDROID/NDK/android-ndk-r13b/toolchains/arm-linux-androideabi-4.9/prebuilt/linux-x86_64/bin/arm-linux-androideabi-g++ -march=armv7-a -mfloat-abi=softfp -DGOOGLE_PROTOBUF_NO_RTTI --sysroot=/home/user/SDKS/ANDROID/NDK/android-ndk-r13b/platforms/android-9/arch-arm -Ae -c  -D__ANDROID__=1 -DANDROID_STLPORT=1 conftest.c >&5
<command-line>:0:1: error: missing '(' after predicate
conftest.c:17:17: error: 'p' was not declared in this scope
 static char *e (p, i)
                 ^
conftest.c:17:20: error: 'i' was not declared in this scope
 static char *e (p, i)
                    ^
conftest.c:17:21: error: expression list treated as compound expression in initializer [-fpermissive]
 static char *e (p, i)
                     ^
conftest.c:18:6: error: expected ',' or ';' before 'char'
      char **p;
      ^
conftest.c:20:1: error: expected unqualified-id before '{' token
 {
 ^
conftest.c: In function 'int main()':
conftest.c:56:21: error: cannot convert 'char*' to 'char* (*)(char**, int)' for argument '1' to 'char* f(char* (*)(char**, int), char**, ...)'
 return f (e, argv, 0) != argv[0]  ||  f (e, argv, 1) != argv[1];
                     ^
conftest.c:56:52: error: cannot convert 'char*' to 'char* (*)(char**, int)' for argument '1' to 'char* f(char* (*)(char**, int), char**, ...)'
 return f (e, argv, 0) != argv[0]  ||  f (e, argv, 1) != argv[1];
                                                    ^
configure:3698: $? = 1
configure: failed program was:
| /* confdefs.h */
| #define PACKAGE_NAME "Google C++ Mocking Framework"
| #define PACKAGE_TARNAME "gmock"
| #define PACKAGE_VERSION "1.7.0"
| #define PACKAGE_STRING "Google C++ Mocking Framework 1.7.0"
| #define PACKAGE_BUGREPORT "googlemock@googlegroups.com"
| #define PACKAGE_URL ""
| #define PACKAGE "gmock"
| #define VERSION "1.7.0"
| /* end confdefs.h.  */
| #include <stdarg.h>
| #include <stdio.h>
| struct stat;
| /* Most of the following tests are stolen from RCS 5.7's src/conf.sh.  */
| struct buf { int x; };
| FILE * (*rcsopen) (struct buf *, struct stat *, int);
| static char *e (p, i)
|      char **p;
|      int i;
| {
|   return p[i];
| }
| static char *f (char * (*g) (char **, int), char **p, ...)
| {
|   char *s;
|   va_list v;
|   va_start (v,p);
|   s = g (p, va_arg (v,int));
|   va_end (v);
|   return s;
| }
| 
| /* OSF 4.0 Compaq cc is some sort of almost-ANSI by default.  It has
|    function prototypes and stuff, but not '\xHH' hex character constants.
|    These don't provoke an error unfortunately, instead are silently treated
|    as 'x'.  The following induces an error, until -std is added to get
|    proper ANSI mode.  Curiously '\x00'!='x' always comes out true, for an
|    array size at least.  It's necessary to write '\x00'==0 to get something
|    that's true only with -std.  */
| int osf4_cc_array ['\x00' == 0 ? 1 : -1];
| 
| /* IBM C 6 for AIX is almost-ANSI by default, but it replaces macro parameters
|    inside strings and character constants.  */
| #define FOO(x) 'x'
| int xlc6_cc_array[FOO(a) == 'x' ? 1 : -1];
| 
| int test (int i, double x);
| struct s1 {int (*f) (int a);};
| struct s2 {int (*f) (double a);};
| int pairnames (int, char **, FILE *(*)(struct buf *, struct stat *, int), int, int);
| int argc;
| char **argv;
| int
| main ()
| {
| return f (e, argv, 0) != argv[0]  ||  f (e, argv, 1) != argv[1];
|   ;
|   return 0;
| }
configure:3698: /home/user/SDKS/ANDROID/NDK/android-ndk-r13b/toolchains/arm-linux-androideabi-4.9/prebuilt/linux-x86_64/bin/arm-linux-androideabi-g++ -march=armv7-a -mfloat-abi=softfp -DGOOGLE_PROTOBUF_NO_RTTI --sysroot=/home/user/SDKS/ANDROID/NDK/android-ndk-r13b/platforms/android-9/arch-arm -Aa -D_HPUX_SOURCE -c  -D__ANDROID__=1 -DANDROID_STLPORT=1 conftest.c >&5
<command-line>:0:1: error: missing '(' after predicate
conftest.c:17:17: error: 'p' was not declared in this scope
 static char *e (p, i)
                 ^
conftest.c:17:20: error: 'i' was not declared in this scope
 static char *e (p, i)
                    ^
conftest.c:17:21: error: expression list treated as compound expression in initializer [-fpermissive]
 static char *e (p, i)
                     ^
conftest.c:18:6: error: expected ',' or ';' before 'char'
      char **p;
      ^
conftest.c:20:1: error: expected unqualified-id before '{' token
 {
 ^
conftest.c: In function 'int main()':
conftest.c:56:21: error: cannot convert 'char*' to 'char* (*)(char**, int)' for argument '1' to 'char* f(char* (*)(char**, int), char**, ...)'
 return f (e, argv, 0) != argv[0]  ||  f (e, argv, 1) != argv[1];
                     ^
conftest.c:56:52: error: cannot convert 'char*' to 'char* (*)(char**, int)' for argument '1' to 'char* f(char* (*)(char**, int), char**, ...)'
 return f (e, argv, 0) != argv[0]  ||  f (e, argv, 1) != argv[1];
                                                    ^
configure:3698: $? = 1
configure: failed program was:
| /* confdefs.h */
| #define PACKAGE_NAME "Google C++ Mocking Framework"
| #define PACKAGE_TARNAME "gmock"
| #define PACKAGE_VERSION "1.7.0"
| #define PACKAGE_STRING "Google C++ Mocking Framework 1.7.0"
| #define PACKAGE_BUGREPORT "googlemock@googlegroups.com"
| #define PACKAGE_URL ""
| #define PACKAGE "gmock"
| #define VERSION "1.7.0"
| /* end confdefs.h.  */
| #include <stdarg.h>
| #include <stdio.h>
| struct stat;
| /* Most of the following tests are stolen from RCS 5.7's src/conf.sh.  */
| struct buf { int x; };
| FILE * (*rcsopen) (struct buf *, struct stat *, int);
| static char *e (p, i)
|      char **p;
|      int i;
| {
|   return p[i];
| }
| static char *f (char * (*g) (char **, int), char **p, ...)
| {
|   char *s;
|   va_list v;
|   va_start (v,p);
|   s = g (p, va_arg (v,int));
|   va_end (v);
|   return s;
| }
| 
| /* OSF 4.0 Compaq cc is some sort of almost-ANSI by default.  It has
|    function prototypes and stuff, but not '\xHH' hex character constants.
|    These don't provoke an error unfortunately, instead are silently treated
|    as 'x'.  The following induces an error, until -std is added to get
|    proper ANSI mode.  Curiously '\x00'!='x' always comes out true, for an
|    array size at least.  It's necessary to write '\x00'==0 to get something
|    that's true only with -std.  */
| int osf4_cc_array ['\x00' == 0 ? 1 : -1];
| 
| /* IBM C 6 for AIX is almost-ANSI by default, but it replaces macro parameters
|    inside strings and character constants.  */
| #define FOO(x) 'x'
| int xlc6_cc_array[FOO(a) == 'x' ? 1 : -1];
| 
| int test (int i, double x);
| struct s1 {int (*f) (int a);};
| struct s2 {int (*f) (double a);};
| int pairnames (int, char **, FILE *(*)(struct buf *, struct stat *, int), int, int);
| int argc;
| char **argv;
| int
| main ()
| {
| return f (e, argv, 0) != argv[0]  ||  f (e, argv, 1) != argv[1];
|   ;
|   return 0;
| }
configure:3698: /home/user/SDKS/ANDROID/NDK/android-ndk-r13b/toolchains/arm-linux-androideabi-4.9/prebuilt/linux-x86_64/bin/arm-linux-androideabi-g++ -march=armv7-a -mfloat-abi=softfp -DGOOGLE_PROTOBUF_NO_RTTI --sysroot=/home/user/SDKS/ANDROID/NDK/android-ndk-r13b/platforms/android-9/arch-arm -Xc -D__EXTENSIONS__ -c  -D__ANDROID__=1 -DANDROID_STLPORT=1 conftest.c >&5
arm-linux-androideabi-g++: error: unrecognized command line option '-Xc'
configure:3698: $? = 1
configure: failed program was:
| /* confdefs.h */
| #define PACKAGE_NAME "Google C++ Mocking Framework"
| #define PACKAGE_TARNAME "gmock"
| #define PACKAGE_VERSION "1.7.0"
| #define PACKAGE_STRING "Google C++ Mocking Framework 1.7.0"
| #define PACKAGE_BUGREPORT "googlemock@googlegroups.com"
| #define PACKAGE_URL ""
| #define PACKAGE "gmock"
| #define VERSION "1.7.0"
| /* end confdefs.h.  */
| #include <stdarg.h>
| #include <stdio.h>
| struct stat;
| /* Most of the following tests are stolen from RCS 5.7's src/conf.sh.  */
| struct buf { int x; };
| FILE * (*rcsopen) (struct buf *, struct stat *, int);
| static char *e (p, i)
|      char **p;
|      int i;
| {
|   return p[i];
| }
| static char *f (char * (*g) (char **, int), char **p, ...)
| {
|   char *s;
|   va_list v;
|   va_start (v,p);
|   s = g (p, va_arg (v,int));
|   va_end (v);
|   return s;
| }
| 
| /* OSF 4.0 Compaq cc is some sort of almost-ANSI by default.  It has
|    function prototypes and stuff, but not '\xHH' hex character constants.
|    These don't provoke an error unfortunately, instead are silently treated
|    as 'x'.  The following induces an error, until -std is added to get
|    proper ANSI mode.  Curiously '\x00'!='x' always comes out true, for an
|    array size at least.  It's necessary to write '\x00'==0 to get something
|    that's true only with -std.  */
| int osf4_cc_array ['\x00' == 0 ? 1 : -1];
| 
| /* IBM C 6 for AIX is almost-ANSI by default, but it replaces macro parameters
|    inside strings and character constants.  */
| #define FOO(x) 'x'
| int xlc6_cc_array[FOO(a) == 'x' ? 1 : -1];
| 
| int test (int i, double x);
| struct s1 {int (*f) (int a);};
| struct s2 {int (*f) (double a);};
| int pairnames (int, char **, FILE *(*)(struct buf *, struct stat *, int), int, int);
| int argc;
| char **argv;
| int
| main ()
| {
| return f (e, argv, 0) != argv[0]  ||  f (e, argv, 1) != argv[1];
|   ;
|   return 0;
| }
configure:3714: result: unsupported
configure:3736: checking whether /home/user/SDKS/ANDROID/NDK/android-ndk-r13b/toolchains/arm-linux-androideabi-4.9/prebuilt/linux-x86_64/bin/arm-linux-androideabi-g++ -march=armv7-a -mfloat-abi=softfp -DGOOGLE_PROTOBUF_NO_RTTI --sysroot=/home/user/SDKS/ANDROID/NDK/android-ndk-r13b/platforms/android-9/arch-arm understands -c and -o together
configure:3758: /home/user/SDKS/ANDROID/NDK/android-ndk-r13b/toolchains/arm-linux-androideabi-4.9/prebuilt/linux-x86_64/bin/arm-linux-androideabi-g++ -march=armv7-a -mfloat-abi=softfp -DGOOGLE_PROTOBUF_NO_RTTI --sysroot=/home/user/SDKS/ANDROID/NDK/android-ndk-r13b/platforms/android-9/arch-arm -c conftest.c -o conftest2.o
configure:3761: $? = 0
configure:3758: /home/user/SDKS/ANDROID/NDK/android-ndk-r13b/toolchains/arm-linux-androideabi-4.9/prebuilt/linux-x86_64/bin/arm-linux-androideabi-g++ -march=armv7-a -mfloat-abi=softfp -DGOOGLE_PROTOBUF_NO_RTTI --sysroot=/home/user/SDKS/ANDROID/NDK/android-ndk-r13b/platforms/android-9/arch-arm -c conftest.c -o conftest2.o
configure:3761: $? = 0
configure:3773: result: yes
configure:3801: checking for style of include used by make
configure:3829: result: GNU
configure:3855: checking dependency style of /home/user/SDKS/ANDROID/NDK/android-ndk-r13b/toolchains/arm-linux-androideabi-4.9/prebuilt/linux-x86_64/bin/arm-linux-androideabi-g++ -march=armv7-a -mfloat-abi=softfp -DGOOGLE_PROTOBUF_NO_RTTI --sysroot=/home/user/SDKS/ANDROID/NDK/android-ndk-r13b/platforms/android-9/arch-arm
configure:3966: result: gcc3
configure:4093: checking for C++ compiler version
configure:4102: /home/user/SDKS/ANDROID/NDK/android-ndk-r13b/toolchains/arm-linux-androideabi-4.9/prebuilt/linux-x86_64/bin/arm-linux-androideabi-g++ -march=armv7-a -mfloat-abi=softfp -DGOOGLE_PROTOBUF_NO_RTTI --sysroot=/home/user/SDKS/ANDROID/NDK/android-ndk-r13b/platforms/android-9/arch-arm --version >&5
arm-linux-androideabi-g++ (GCC) 4.9.x 20150123 (prerelease)
Copyright (C) 2014 Free Software Foundation, Inc.
This is free software; see the source for copying conditions.  There is NO
warranty; not even for MERCHANTABILITY or FITNESS FOR A PARTICULAR PURPOSE.

configure:4113: $? = 0
configure:4102: /home/user/SDKS/ANDROID/NDK/android-ndk-r13b/toolchains/arm-linux-androideabi-4.9/prebuilt/linux-x86_64/bin/arm-linux-androideabi-g++ -march=armv7-a -mfloat-abi=softfp -DGOOGLE_PROTOBUF_NO_RTTI --sysroot=/home/user/SDKS/ANDROID/NDK/android-ndk-r13b/platforms/android-9/arch-arm -v >&5
Using built-in specs.
COLLECT_GCC=/home/user/SDKS/ANDROID/NDK/android-ndk-r13b/toolchains/arm-linux-androideabi-4.9/prebuilt/linux-x86_64/bin/arm-linux-androideabi-g++
COLLECT_LTO_WRAPPER=/home/user/SDKS/ANDROID/NDK/android-ndk-r13b/toolchains/arm-linux-androideabi-4.9/prebuilt/linux-x86_64/bin/../libexec/gcc/arm-linux-androideabi/4.9.x/lto-wrapper
Target: arm-linux-androideabi
Configured with: /usr/local/google/buildbot/src/android/gcc/toolchain/build/../gcc/gcc-4.9/configure --prefix=/tmp/59719db9ae19ff43aef46bbcb79596b6 --target=arm-linux-androideabi --host=x86_64-linux-gnu --build=x86_64-linux-gnu --with-gnu-as --with-gnu-ld --enable-languages=c,c++ --with-gmp=/buildbot/tmp/build/toolchain/temp-install --with-mpfr=/buildbot/tmp/build/toolchain/temp-install --with-mpc=/buildbot/tmp/build/toolchain/temp-install --with-cloog=/buildbot/tmp/build/toolchain/temp-install --with-isl=/buildbot/tmp/build/toolchain/temp-install --with-ppl=/buildbot/tmp/build/toolchain/temp-install --disable-ppl-version-check --disable-cloog-version-check --disable-isl-version-check --enable-cloog-backend=isl --with-host-libstdcxx='-static-libgcc -Wl,-Bstatic,-lstdc++,-Bdynamic -lm' --disable-libssp --enable-threads --disable-nls --disable-libmudflap --disable-libgomp --disable-libstdc__-v3 --disable-sjlj-exceptions --disable-shared --disable-tls --disable-libitm --with-float=soft --with-fpu=vfp --with-arch=armv5te --enable-target-optspace --enable-bionic-libs --enable-libatomic-ifuncs=no --enable-initfini-array --disable-nls --prefix=/tmp/59719db9ae19ff43aef46bbcb79596b6 --with-sysroot=/tmp/59719db9ae19ff43aef46bbcb79596b6/sysroot --with-binutils-version=2.25 --with-mpfr-version=3.1.1 --with-mpc-version=1.0.1 --with-gmp-version=5.0.5 --with-gcc-version=4.9 --with-gdb-version=none --with-gxx-include-dir=/tmp/59719db9ae19ff43aef46bbcb79596b6/include/c++/4.9.x --with-bugurl=http://source.android.com/source/report-bugs.html --enable-languages=c,c++ --disable-bootstrap --enable-plugins --enable-libgomp --enable-gnu-indirect-function --disable-libsanitizer --enable-gold --enable-threads --enable-eh-frame-hdr-for-static --enable-graphite=yes --with-isl-version=0.11.1 --with-cloog-version=0.18.0 --with-arch=armv5te --program-transform-name='s&^&arm-linux-androideabi-&' --enable-gold=default
Thread model: posix
gcc version 4.9.x 20150123 (prerelease) (GCC) 
configure:4113: $? = 0
configure:4102: /home/user/SDKS/ANDROID/NDK/android-ndk-r13b/toolchains/arm-linux-androideabi-4.9/prebuilt/linux-x86_64/bin/arm-linux-androideabi-g++ -march=armv7-a -mfloat-abi=softfp -DGOOGLE_PROTOBUF_NO_RTTI --sysroot=/home/user/SDKS/ANDROID/NDK/android-ndk-r13b/platforms/android-9/arch-arm -V >&5
arm-linux-androideabi-g++: error: unrecognized command line option '-V'
arm-linux-androideabi-g++: fatal error: no input files
compilation terminated.
configure:4113: $? = 1
configure:4102: /home/user/SDKS/ANDROID/NDK/android-ndk-r13b/toolchains/arm-linux-androideabi-4.9/prebuilt/linux-x86_64/bin/arm-linux-androideabi-g++ -march=armv7-a -mfloat-abi=softfp -DGOOGLE_PROTOBUF_NO_RTTI --sysroot=/home/user/SDKS/ANDROID/NDK/android-ndk-r13b/platforms/android-9/arch-arm -qversion >&5
arm-linux-androideabi-g++: error: unrecognized command line option '-qversion'
arm-linux-androideabi-g++: fatal error: no input files
compilation terminated.
configure:4113: $? = 1
configure:4117: checking whether we are using the GNU C++ compiler
configure:4136: /home/user/SDKS/ANDROID/NDK/android-ndk-r13b/toolchains/arm-linux-androideabi-4.9/prebuilt/linux-x86_64/bin/arm-linux-androideabi-g++ -march=armv7-a -mfloat-abi=softfp -DGOOGLE_PROTOBUF_NO_RTTI --sysroot=/home/user/SDKS/ANDROID/NDK/android-ndk-r13b/platforms/android-9/arch-arm -c -march=armv7-a -mfloat-abi=softfp -DGOOGLE_PROTOBUF_NO_RTTI --sysroot=/home/user/SDKS/ANDROID/NDK/android-ndk-r13b/platforms/android-9/arch-arm -D__ANDROID__=1 -DANDROID_STLPORT=1 conftest.cpp >&5
configure:4136: $? = 0
configure:4145: result: yes
configure:4154: checking whether /home/user/SDKS/ANDROID/NDK/android-ndk-r13b/toolchains/arm-linux-androideabi-4.9/prebuilt/linux-x86_64/bin/arm-linux-androideabi-g++ -march=armv7-a -mfloat-abi=softfp -DGOOGLE_PROTOBUF_NO_RTTI --sysroot=/home/user/SDKS/ANDROID/NDK/android-ndk-r13b/platforms/android-9/arch-arm accepts -g
configure:4174: /home/user/SDKS/ANDROID/NDK/android-ndk-r13b/toolchains/arm-linux-androideabi-4.9/prebuilt/linux-x86_64/bin/arm-linux-androideabi-g++ -march=armv7-a -mfloat-abi=softfp -DGOOGLE_PROTOBUF_NO_RTTI --sysroot=/home/user/SDKS/ANDROID/NDK/android-ndk-r13b/platforms/android-9/arch-arm -c -g -D__ANDROID__=1 -DANDROID_STLPORT=1 conftest.cpp >&5
configure:4174: $? = 0
configure:4215: result: yes
configure:4240: checking dependency style of /home/user/SDKS/ANDROID/NDK/android-ndk-r13b/toolchains/arm-linux-androideabi-4.9/prebuilt/linux-x86_64/bin/arm-linux-androideabi-g++ -march=armv7-a -mfloat-abi=softfp -DGOOGLE_PROTOBUF_NO_RTTI --sysroot=/home/user/SDKS/ANDROID/NDK/android-ndk-r13b/platforms/android-9/arch-arm
configure:4351: result: gcc3
configure:4401: checking build system type
configure:4415: result: x86_64-pc-linux-gnu
configure:4435: checking host system type
configure:4448: result: arm-unknown-linux-androideabi
configure:4489: checking how to print strings
configure:4516: result: printf
configure:4537: checking for a sed that does not truncate output
configure:4601: result: /bin/sed
configure:4619: checking for grep that handles long lines and -e
configure:4677: result: /bin/grep
configure:4682: checking for egrep
configure:4744: result: /bin/grep -E
configure:4749: checking for fgrep
configure:4811: result: /bin/grep -F
configure:4846: checking for ld used by /home/user/SDKS/ANDROID/NDK/android-ndk-r13b/toolchains/arm-linux-androideabi-4.9/prebuilt/linux-x86_64/bin/arm-linux-androideabi-g++ -march=armv7-a -mfloat-abi=softfp -DGOOGLE_PROTOBUF_NO_RTTI --sysroot=/home/user/SDKS/ANDROID/NDK/android-ndk-r13b/platforms/android-9/arch-arm
configure:4913: result: /home/user/SDKS/ANDROID/NDK/android-ndk-r13b/toolchains/arm-linux-androideabi-4.9/prebuilt/linux-x86_64/arm-linux-androideabi/bin/ld --sysroot=/home/user/SDKS/ANDROID/NDK/android-ndk-r13b/platforms/android-9/arch-arm
configure:4920: checking if the linker (/home/user/SDKS/ANDROID/NDK/android-ndk-r13b/toolchains/arm-linux-androideabi-4.9/prebuilt/linux-x86_64/arm-linux-androideabi/bin/ld --sysroot=/home/user/SDKS/ANDROID/NDK/android-ndk-r13b/platforms/android-9/arch-arm) is GNU ld
configure:4935: result: yes
configure:4947: checking for BSD- or MS-compatible name lister (nm)
configure:5001: result: no
configure:5015: checking for arm-linux-androideabi-dumpbin
configure:5045: result: no
configure:5015: checking for arm-linux-androideabi-link
configure:5045: result: no
configure:5059: checking for dumpbin
configure:5089: result: no
configure:5059: checking for link
configure:5075: found /usr/bin/link
configure:5086: result: link -dump
configure:5102: WARNING: using cross tools not prefixed with host triplet
configure:5131: checking the name lister (nm) interface
configure:5138: /home/user/SDKS/ANDROID/NDK/android-ndk-r13b/toolchains/arm-linux-androideabi-4.9/prebuilt/linux-x86_64/bin/arm-linux-androideabi-g++ -march=armv7-a -mfloat-abi=softfp -DGOOGLE_PROTOBUF_NO_RTTI --sysroot=/home/user/SDKS/ANDROID/NDK/android-ndk-r13b/platforms/android-9/arch-arm -c -march=armv7-a -mfloat-abi=softfp -DGOOGLE_PROTOBUF_NO_RTTI --sysroot=/home/user/SDKS/ANDROID/NDK/android-ndk-r13b/platforms/android-9/arch-arm -D__ANDROID__=1 -DANDROID_STLPORT=1 conftest.cpp >&5
configure:5141: nm "conftest.o"
configure:5144: output
00000000 b $d
00000000 B some_variable
configure:5151: result: BSD nm
configure:5154: checking whether ln -s works
configure:5158: result: yes
configure:5166: checking the maximum length of command line arguments
configure:5297: result: 1572864
configure:5345: checking how to convert x86_64-pc-linux-gnu file names to arm-unknown-linux-androideabi format
configure:5385: result: func_convert_file_noop
configure:5392: checking how to convert x86_64-pc-linux-gnu file names to toolchain format
configure:5412: result: func_convert_file_noop
configure:5419: checking for /home/user/SDKS/ANDROID/NDK/android-ndk-r13b/toolchains/arm-linux-androideabi-4.9/prebuilt/linux-x86_64/arm-linux-androideabi/bin/ld --sysroot=/home/user/SDKS/ANDROID/NDK/android-ndk-r13b/platforms/android-9/arch-arm option to reload object files
configure:5426: result: -r
configure:5460: checking for arm-linux-androideabi-objdump
configure:5490: result: no
configure:5500: checking for objdump
configure:5516: found /usr/bin/objdump
configure:5527: result: objdump
configure:5559: checking how to recognize dependent libraries
configure:5759: result: pass_all
configure:5804: checking for arm-linux-androideabi-dlltool
configure:5834: result: no
configure:5844: checking for dlltool
configure:5874: result: no
configure:5904: checking how to associate runtime and link libraries
configure:5931: result: printf %s\n
configure:5948: checking for arm-linux-androideabi-ar
configure:5978: result: no
configure:5992: checking for ar
configure:6008: found /usr/bin/ar
configure:6019: result: ar
configure:6056: checking for archiver @FILE support
configure:6073: /home/user/SDKS/ANDROID/NDK/android-ndk-r13b/toolchains/arm-linux-androideabi-4.9/prebuilt/linux-x86_64/bin/arm-linux-androideabi-g++ -march=armv7-a -mfloat-abi=softfp -DGOOGLE_PROTOBUF_NO_RTTI --sysroot=/home/user/SDKS/ANDROID/NDK/android-ndk-r13b/platforms/android-9/arch-arm -c -march=armv7-a -mfloat-abi=softfp -DGOOGLE_PROTOBUF_NO_RTTI --sysroot=/home/user/SDKS/ANDROID/NDK/android-ndk-r13b/platforms/android-9/arch-arm -D__ANDROID__=1 -DANDROID_STLPORT=1 conftest.cpp >&5
configure:6073: $? = 0
configure:6076: ar cru libconftest.a @conftest.lst >&5
ar: `u' modifier ignored since `D' is the default (see `U')
configure:6079: $? = 0
configure:6084: ar cru libconftest.a @conftest.lst >&5
ar: `u' modifier ignored since `D' is the default (see `U')
ar: conftest.o: No such file or directory
configure:6087: $? = 1
configure:6099: result: @
configure:6117: checking for arm-linux-androideabi-strip
configure:6144: result: strip
configure:6216: checking for arm-linux-androideabi-ranlib
configure:6246: result: no
configure:6256: checking for ranlib
configure:6272: found /usr/bin/ranlib
configure:6283: result: ranlib
configure:6385: checking command to parse nm output from /home/user/SDKS/ANDROID/NDK/android-ndk-r13b/toolchains/arm-linux-androideabi-4.9/prebuilt/linux-x86_64/bin/arm-linux-androideabi-g++ -march=armv7-a -mfloat-abi=softfp -DGOOGLE_PROTOBUF_NO_RTTI --sysroot=/home/user/SDKS/ANDROID/NDK/android-ndk-r13b/platforms/android-9/arch-arm object
configure:6538: /home/user/SDKS/ANDROID/NDK/android-ndk-r13b/toolchains/arm-linux-androideabi-4.9/prebuilt/linux-x86_64/bin/arm-linux-androideabi-g++ -march=armv7-a -mfloat-abi=softfp -DGOOGLE_PROTOBUF_NO_RTTI --sysroot=/home/user/SDKS/ANDROID/NDK/android-ndk-r13b/platforms/android-9/arch-arm -c -march=armv7-a -mfloat-abi=softfp -DGOOGLE_PROTOBUF_NO_RTTI --sysroot=/home/user/SDKS/ANDROID/NDK/android-ndk-r13b/platforms/android-9/arch-arm -D__ANDROID__=1 -DANDROID_STLPORT=1 conftest.cpp >&5
configure:6541: $? = 0
configure:6545: nm conftest.o \| sed -n -e 's/^.*[ ]\([ABCDGIRSTW][ABCDGIRSTW]*\)[ ][ ]*\([_A-Za-z][_A-Za-z0-9]*\)$/\1 \2 \2/p' | sed '/ __gnu_lto/d' \> conftest.nm
configure:6548: $? = 0
configure:6614: /home/user/SDKS/ANDROID/NDK/android-ndk-r13b/toolchains/arm-linux-androideabi-4.9/prebuilt/linux-x86_64/bin/arm-linux-androideabi-g++ -march=armv7-a -mfloat-abi=softfp -DGOOGLE_PROTOBUF_NO_RTTI --sysroot=/home/user/SDKS/ANDROID/NDK/android-ndk-r13b/platforms/android-9/arch-arm -o conftest -march=armv7-a -mfloat-abi=softfp -DGOOGLE_PROTOBUF_NO_RTTI --sysroot=/home/user/SDKS/ANDROID/NDK/android-ndk-r13b/platforms/android-9/arch-arm -D__ANDROID__=1 -DANDROID_STLPORT=1 --sysroot=/home/user/SDKS/ANDROID/NDK/android-ndk-r13b/platforms/android-9/arch-arm conftest.cpp conftstm.o >&5
configure:6617: $? = 0
configure:6655: result: ok
configure:6702: checking for sysroot
configure:6732: result: /home/user/SDKS/ANDROID/NDK/android-ndk-r13b/platforms/android-9/arch-arm
configure:6739: checking for a working dd
configure:6777: result: /bin/dd
configure:6781: checking how to truncate binary pipes
configure:6796: result: /bin/dd bs=4096 count=1
configure:7086: checking for arm-linux-androideabi-mt
configure:7116: result: no
configure:7126: checking for mt
configure:7142: found /bin/mt
configure:7153: result: mt
configure:7176: checking if mt is a manifest tool
configure:7182: mt '-?'
configure:7190: result: no
configure:7867: checking how to run the C preprocessor
configure:7898: /home/user/SDKS/ANDROID/NDK/android-ndk-r13b/toolchains/arm-linux-androideabi-4.9/prebuilt/linux-x86_64/bin/arm-linux-androideabi-g++ -march=armv7-a -mfloat-abi=softfp -DGOOGLE_PROTOBUF_NO_RTTI --sysroot=/home/user/SDKS/ANDROID/NDK/android-ndk-r13b/platforms/android-9/arch-arm -E -D__ANDROID__=1 -DANDROID_STLPORT=1 conftest.c
configure:7898: $? = 0
configure:7912: /home/user/SDKS/ANDROID/NDK/android-ndk-r13b/toolchains/arm-linux-androideabi-4.9/prebuilt/linux-x86_64/bin/arm-linux-androideabi-g++ -march=armv7-a -mfloat-abi=softfp -DGOOGLE_PROTOBUF_NO_RTTI --sysroot=/home/user/SDKS/ANDROID/NDK/android-ndk-r13b/platforms/android-9/arch-arm -E -D__ANDROID__=1 -DANDROID_STLPORT=1 conftest.c
conftest.c:11:28: fatal error: ac_nonexistent.h: No such file or directory
 #include <ac_nonexistent.h>
                            ^
compilation terminated.
configure:7912: $? = 1
configure: failed program was:
| /* confdefs.h */
| #define PACKAGE_NAME "Google C++ Mocking Framework"
| #define PACKAGE_TARNAME "gmock"
| #define PACKAGE_VERSION "1.7.0"
| #define PACKAGE_STRING "Google C++ Mocking Framework 1.7.0"
| #define PACKAGE_BUGREPORT "googlemock@googlegroups.com"
| #define PACKAGE_URL ""
| #define PACKAGE "gmock"
| #define VERSION "1.7.0"
| /* end confdefs.h.  */
| #include <ac_nonexistent.h>
configure:7937: result: /home/user/SDKS/ANDROID/NDK/android-ndk-r13b/toolchains/arm-linux-androideabi-4.9/prebuilt/linux-x86_64/bin/arm-linux-androideabi-g++ -march=armv7-a -mfloat-abi=softfp -DGOOGLE_PROTOBUF_NO_RTTI --sysroot=/home/user/SDKS/ANDROID/NDK/android-ndk-r13b/platforms/android-9/arch-arm -E
configure:7957: /home/user/SDKS/ANDROID/NDK/android-ndk-r13b/toolchains/arm-linux-androideabi-4.9/prebuilt/linux-x86_64/bin/arm-linux-androideabi-g++ -march=armv7-a -mfloat-abi=softfp -DGOOGLE_PROTOBUF_NO_RTTI --sysroot=/home/user/SDKS/ANDROID/NDK/android-ndk-r13b/platforms/android-9/arch-arm -E -D__ANDROID__=1 -DANDROID_STLPORT=1 conftest.c
configure:7957: $? = 0
configure:7971: /home/user/SDKS/ANDROID/NDK/android-ndk-r13b/toolchains/arm-linux-androideabi-4.9/prebuilt/linux-x86_64/bin/arm-linux-androideabi-g++ -march=armv7-a -mfloat-abi=softfp -DGOOGLE_PROTOBUF_NO_RTTI --sysroot=/home/user/SDKS/ANDROID/NDK/android-ndk-r13b/platforms/android-9/arch-arm -E -D__ANDROID__=1 -DANDROID_STLPORT=1 conftest.c
conftest.c:11:28: fatal error: ac_nonexistent.h: No such file or directory
 #include <ac_nonexistent.h>
                            ^
compilation terminated.
configure:7971: $? = 1
configure: failed program was:
| /* confdefs.h */
| #define PACKAGE_NAME "Google C++ Mocking Framework"
| #define PACKAGE_TARNAME "gmock"
| #define PACKAGE_VERSION "1.7.0"
| #define PACKAGE_STRING "Google C++ Mocking Framework 1.7.0"
| #define PACKAGE_BUGREPORT "googlemock@googlegroups.com"
| #define PACKAGE_URL ""
| #define PACKAGE "gmock"
| #define VERSION "1.7.0"
| /* end confdefs.h.  */
| #include <ac_nonexistent.h>
configure:8000: checking for ANSI C header files
configure:8020: /home/user/SDKS/ANDROID/NDK/android-ndk-r13b/toolchains/arm-linux-androideabi-4.9/prebuilt/linux-x86_64/bin/arm-linux-androideabi-g++ -march=armv7-a -mfloat-abi=softfp -DGOOGLE_PROTOBUF_NO_RTTI --sysroot=/home/user/SDKS/ANDROID/NDK/android-ndk-r13b/platforms/android-9/arch-arm -c  -D__ANDROID__=1 -DANDROID_STLPORT=1 conftest.c >&5
configure:8020: $? = 0
configure:8104: result: yes
configure:8117: checking for sys/types.h
configure:8117: /home/user/SDKS/ANDROID/NDK/android-ndk-r13b/toolchains/arm-linux-androideabi-4.9/prebuilt/linux-x86_64/bin/arm-linux-androideabi-g++ -march=armv7-a -mfloat-abi=softfp -DGOOGLE_PROTOBUF_NO_RTTI --sysroot=/home/user/SDKS/ANDROID/NDK/android-ndk-r13b/platforms/android-9/arch-arm -c  -D__ANDROID__=1 -DANDROID_STLPORT=1 conftest.c >&5
configure:8117: $? = 0
configure:8117: result: yes
configure:8117: checking for sys/stat.h
configure:8117: /home/user/SDKS/ANDROID/NDK/android-ndk-r13b/toolchains/arm-linux-androideabi-4.9/prebuilt/linux-x86_64/bin/arm-linux-androideabi-g++ -march=armv7-a -mfloat-abi=softfp -DGOOGLE_PROTOBUF_NO_RTTI --sysroot=/home/user/SDKS/ANDROID/NDK/android-ndk-r13b/platforms/android-9/arch-arm -c  -D__ANDROID__=1 -DANDROID_STLPORT=1 conftest.c >&5
configure:8117: $? = 0
configure:8117: result: yes
configure:8117: checking for stdlib.h
configure:8117: /home/user/SDKS/ANDROID/NDK/android-ndk-r13b/toolchains/arm-linux-androideabi-4.9/prebuilt/linux-x86_64/bin/arm-linux-androideabi-g++ -march=armv7-a -mfloat-abi=softfp -DGOOGLE_PROTOBUF_NO_RTTI --sysroot=/home/user/SDKS/ANDROID/NDK/android-ndk-r13b/platforms/android-9/arch-arm -c  -D__ANDROID__=1 -DANDROID_STLPORT=1 conftest.c >&5
configure:8117: $? = 0
configure:8117: result: yes
configure:8117: checking for string.h
configure:8117: /home/user/SDKS/ANDROID/NDK/android-ndk-r13b/toolchains/arm-linux-androideabi-4.9/prebuilt/linux-x86_64/bin/arm-linux-androideabi-g++ -march=armv7-a -mfloat-abi=softfp -DGOOGLE_PROTOBUF_NO_RTTI --sysroot=/home/user/SDKS/ANDROID/NDK/android-ndk-r13b/platforms/android-9/arch-arm -c  -D__ANDROID__=1 -DANDROID_STLPORT=1 conftest.c >&5
configure:8117: $? = 0
configure:8117: result: yes
configure:8117: checking for memory.h
configure:8117: /home/user/SDKS/ANDROID/NDK/android-ndk-r13b/toolchains/arm-linux-androideabi-4.9/prebuilt/linux-x86_64/bin/arm-linux-androideabi-g++ -march=armv7-a -mfloat-abi=softfp -DGOOGLE_PROTOBUF_NO_RTTI --sysroot=/home/user/SDKS/ANDROID/NDK/android-ndk-r13b/platforms/android-9/arch-arm -c  -D__ANDROID__=1 -DANDROID_STLPORT=1 conftest.c >&5
configure:8117: $? = 0
configure:8117: result: yes
configure:8117: checking for strings.h
configure:8117: /home/user/SDKS/ANDROID/NDK/android-ndk-r13b/toolchains/arm-linux-androideabi-4.9/prebuilt/linux-x86_64/bin/arm-linux-androideabi-g++ -march=armv7-a -mfloat-abi=softfp -DGOOGLE_PROTOBUF_NO_RTTI --sysroot=/home/user/SDKS/ANDROID/NDK/android-ndk-r13b/platforms/android-9/arch-arm -c  -D__ANDROID__=1 -DANDROID_STLPORT=1 conftest.c >&5
configure:8117: $? = 0
configure:8117: result: yes
configure:8117: checking for inttypes.h
configure:8117: /home/user/SDKS/ANDROID/NDK/android-ndk-r13b/toolchains/arm-linux-androideabi-4.9/prebuilt/linux-x86_64/bin/arm-linux-androideabi-g++ -march=armv7-a -mfloat-abi=softfp -DGOOGLE_PROTOBUF_NO_RTTI --sysroot=/home/user/SDKS/ANDROID/NDK/android-ndk-r13b/platforms/android-9/arch-arm -c  -D__ANDROID__=1 -DANDROID_STLPORT=1 conftest.c >&5
configure:8117: $? = 0
configure:8117: result: yes
configure:8117: checking for stdint.h
configure:8117: /home/user/SDKS/ANDROID/NDK/android-ndk-r13b/toolchains/arm-linux-androideabi-4.9/prebuilt/linux-x86_64/bin/arm-linux-androideabi-g++ -march=armv7-a -mfloat-abi=softfp -DGOOGLE_PROTOBUF_NO_RTTI --sysroot=/home/user/SDKS/ANDROID/NDK/android-ndk-r13b/platforms/android-9/arch-arm -c  -D__ANDROID__=1 -DANDROID_STLPORT=1 conftest.c >&5
configure:8117: $? = 0
configure:8117: result: yes
configure:8117: checking for unistd.h
configure:8117: /home/user/SDKS/ANDROID/NDK/android-ndk-r13b/toolchains/arm-linux-androideabi-4.9/prebuilt/linux-x86_64/bin/arm-linux-androideabi-g++ -march=armv7-a -mfloat-abi=softfp -DGOOGLE_PROTOBUF_NO_RTTI --sysroot=/home/user/SDKS/ANDROID/NDK/android-ndk-r13b/platforms/android-9/arch-arm -c  -D__ANDROID__=1 -DANDROID_STLPORT=1 conftest.c >&5
configure:8117: $? = 0
configure:8117: result: yes
configure:8131: checking for dlfcn.h
configure:8131: /home/user/SDKS/ANDROID/NDK/android-ndk-r13b/toolchains/arm-linux-androideabi-4.9/prebuilt/linux-x86_64/bin/arm-linux-androideabi-g++ -march=armv7-a -mfloat-abi=softfp -DGOOGLE_PROTOBUF_NO_RTTI --sysroot=/home/user/SDKS/ANDROID/NDK/android-ndk-r13b/platforms/android-9/arch-arm -c  -D__ANDROID__=1 -DANDROID_STLPORT=1 conftest.c >&5
configure:8131: $? = 0
configure:8131: result: yes
configure:8397: checking for objdir
configure:8412: result: .libs
configure:8672: checking if /home/user/SDKS/ANDROID/NDK/android-ndk-r13b/toolchains/arm-linux-androideabi-4.9/prebuilt/linux-x86_64/bin/arm-linux-androideabi-g++ -march=armv7-a -mfloat-abi=softfp -DGOOGLE_PROTOBUF_NO_RTTI --sysroot=/home/user/SDKS/ANDROID/NDK/android-ndk-r13b/platforms/android-9/arch-arm supports -fno-rtti -fno-exceptions
configure:8690: /home/user/SDKS/ANDROID/NDK/android-ndk-r13b/toolchains/arm-linux-androideabi-4.9/prebuilt/linux-x86_64/bin/arm-linux-androideabi-g++ -march=armv7-a -mfloat-abi=softfp -DGOOGLE_PROTOBUF_NO_RTTI --sysroot=/home/user/SDKS/ANDROID/NDK/android-ndk-r13b/platforms/android-9/arch-arm -c  -D__ANDROID__=1 -DANDROID_STLPORT=1 -fno-rtti -fno-exceptions conftest.c >&5
configure:8694: $? = 0
configure:8707: result: yes
configure:9065: checking for /home/user/SDKS/ANDROID/NDK/android-ndk-r13b/toolchains/arm-linux-androideabi-4.9/prebuilt/linux-x86_64/bin/arm-linux-androideabi-g++ -march=armv7-a -mfloat-abi=softfp -DGOOGLE_PROTOBUF_NO_RTTI --sysroot=/home/user/SDKS/ANDROID/NDK/android-ndk-r13b/platforms/android-9/arch-arm option to produce PIC
configure:9072: result: -fPIC -DPIC
configure:9080: checking if /home/user/SDKS/ANDROID/NDK/android-ndk-r13b/toolchains/arm-linux-androideabi-4.9/prebuilt/linux-x86_64/bin/arm-linux-androideabi-g++ -march=armv7-a -mfloat-abi=softfp -DGOOGLE_PROTOBUF_NO_RTTI --sysroot=/home/user/SDKS/ANDROID/NDK/android-ndk-r13b/platforms/android-9/arch-arm PIC flag -fPIC -DPIC works
configure:9098: /home/user/SDKS/ANDROID/NDK/android-ndk-r13b/toolchains/arm-linux-androideabi-4.9/prebuilt/linux-x86_64/bin/arm-linux-androideabi-g++ -march=armv7-a -mfloat-abi=softfp -DGOOGLE_PROTOBUF_NO_RTTI --sysroot=/home/user/SDKS/ANDROID/NDK/android-ndk-r13b/platforms/android-9/arch-arm -c  -D__ANDROID__=1 -DANDROID_STLPORT=1 -fPIC -DPIC -DPIC conftest.c >&5
configure:9102: $? = 0
configure:9115: result: yes
configure:9144: checking if /home/user/SDKS/ANDROID/NDK/android-ndk-r13b/toolchains/arm-linux-androideabi-4.9/prebuilt/linux-x86_64/bin/arm-linux-androideabi-g++ -march=armv7-a -mfloat-abi=softfp -DGOOGLE_PROTOBUF_NO_RTTI --sysroot=/home/user/SDKS/ANDROID/NDK/android-ndk-r13b/platforms/android-9/arch-arm static flag -static works
configure:9172: result: no
configure:9187: checking if /home/user/SDKS/ANDROID/NDK/android-ndk-r13b/toolchains/arm-linux-androideabi-4.9/prebuilt/linux-x86_64/bin/arm-linux-androideabi-g++ -march=armv7-a -mfloat-abi=softfp -DGOOGLE_PROTOBUF_NO_RTTI --sysroot=/home/user/SDKS/ANDROID/NDK/android-ndk-r13b/platforms/android-9/arch-arm supports -c -o file.o
configure:9208: /home/user/SDKS/ANDROID/NDK/android-ndk-r13b/toolchains/arm-linux-androideabi-4.9/prebuilt/linux-x86_64/bin/arm-linux-androideabi-g++ -march=armv7-a -mfloat-abi=softfp -DGOOGLE_PROTOBUF_NO_RTTI --sysroot=/home/user/SDKS/ANDROID/NDK/android-ndk-r13b/platforms/android-9/arch-arm -c  -D__ANDROID__=1 -DANDROID_STLPORT=1 -o out/conftest2.o conftest.c >&5
configure:9212: $? = 0
configure:9234: result: yes
configure:9242: checking if /home/user/SDKS/ANDROID/NDK/android-ndk-r13b/toolchains/arm-linux-androideabi-4.9/prebuilt/linux-x86_64/bin/arm-linux-androideabi-g++ -march=armv7-a -mfloat-abi=softfp -DGOOGLE_PROTOBUF_NO_RTTI --sysroot=/home/user/SDKS/ANDROID/NDK/android-ndk-r13b/platforms/android-9/arch-arm supports -c -o file.o
configure:9289: result: yes
configure:9322: checking whether the /home/user/SDKS/ANDROID/NDK/android-ndk-r13b/toolchains/arm-linux-androideabi-4.9/prebuilt/linux-x86_64/bin/arm-linux-androideabi-g++ -march=armv7-a -mfloat-abi=softfp -DGOOGLE_PROTOBUF_NO_RTTI --sysroot=/home/user/SDKS/ANDROID/NDK/android-ndk-r13b/platforms/android-9/arch-arm linker (/home/user/SDKS/ANDROID/NDK/android-ndk-r13b/toolchains/arm-linux-androideabi-4.9/prebuilt/linux-x86_64/arm-linux-androideabi/bin/ld --sysroot=/home/user/SDKS/ANDROID/NDK/android-ndk-r13b/platforms/android-9/arch-arm) supports shared libraries
configure:10585: result: yes
configure:10622: checking whether -lc should be explicitly linked in
configure:10630: /home/user/SDKS/ANDROID/NDK/android-ndk-r13b/toolchains/arm-linux-androideabi-4.9/prebuilt/linux-x86_64/bin/arm-linux-androideabi-g++ -march=armv7-a -mfloat-abi=softfp -DGOOGLE_PROTOBUF_NO_RTTI --sysroot=/home/user/SDKS/ANDROID/NDK/android-ndk-r13b/platforms/android-9/arch-arm -c  -D__ANDROID__=1 -DANDROID_STLPORT=1 conftest.c >&5
configure:10633: $? = 0
configure:10648: /home/user/SDKS/ANDROID/NDK/android-ndk-r13b/toolchains/arm-linux-androideabi-4.9/prebuilt/linux-x86_64/bin/arm-linux-androideabi-g++ -march=armv7-a -mfloat-abi=softfp -DGOOGLE_PROTOBUF_NO_RTTI --sysroot=/home/user/SDKS/ANDROID/NDK/android-ndk-r13b/platforms/android-9/arch-arm -shared  -fPIC -DPIC conftest.o  -v -Wl,-soname -Wl,conftest -o conftest 2\>\&1 \| /bin/grep  -lc  \>/dev/null 2\>\&1
configure:10651: $? = 0
configure:10665: result: no
configure:10825: checking dynamic linker characteristics
configure:11655: result: Android linker
configure:11777: checking how to hardcode library paths into programs
configure:11802: result: immediate
configure:12350: checking whether stripping libraries is possible
configure:12355: result: yes
configure:12390: checking if libtool supports shared libraries
configure:12392: result: yes
configure:12395: checking whether to build shared libraries
configure:12420: result: yes
configure:12423: checking whether to build static libraries
configure:12427: result: no
configure:12450: checking how to run the C++ preprocessor
configure:12477: /home/user/SDKS/ANDROID/NDK/android-ndk-r13b/toolchains/arm-linux-androideabi-4.9/prebuilt/linux-x86_64/bin/arm-linux-androideabi-g++ -march=armv7-a -mfloat-abi=softfp -DGOOGLE_PROTOBUF_NO_RTTI --sysroot=/home/user/SDKS/ANDROID/NDK/android-ndk-r13b/platforms/android-9/arch-arm -E -D__ANDROID__=1 -DANDROID_STLPORT=1 conftest.cpp
configure:12477: $? = 0
configure:12491: /home/user/SDKS/ANDROID/NDK/android-ndk-r13b/toolchains/arm-linux-androideabi-4.9/prebuilt/linux-x86_64/bin/arm-linux-androideabi-g++ -march=armv7-a -mfloat-abi=softfp -DGOOGLE_PROTOBUF_NO_RTTI --sysroot=/home/user/SDKS/ANDROID/NDK/android-ndk-r13b/platforms/android-9/arch-arm -E -D__ANDROID__=1 -DANDROID_STLPORT=1 conftest.cpp
conftest.cpp:23:28: fatal error: ac_nonexistent.h: No such file or directory
 #include <ac_nonexistent.h>
                            ^
compilation terminated.
configure:12491: $? = 1
configure: failed program was:
| /* confdefs.h */
| #define PACKAGE_NAME "Google C++ Mocking Framework"
| #define PACKAGE_TARNAME "gmock"
| #define PACKAGE_VERSION "1.7.0"
| #define PACKAGE_STRING "Google C++ Mocking Framework 1.7.0"
| #define PACKAGE_BUGREPORT "googlemock@googlegroups.com"
| #define PACKAGE_URL ""
| #define PACKAGE "gmock"
| #define VERSION "1.7.0"
| #define STDC_HEADERS 1
| #define HAVE_SYS_TYPES_H 1
| #define HAVE_SYS_STAT_H 1
| #define HAVE_STDLIB_H 1
| #define HAVE_STRING_H 1
| #define HAVE_MEMORY_H 1
| #define HAVE_STRINGS_H 1
| #define HAVE_INTTYPES_H 1
| #define HAVE_STDINT_H 1
| #define HAVE_UNISTD_H 1
| #define HAVE_DLFCN_H 1
| #define LT_OBJDIR ".libs/"
| /* end confdefs.h.  */
| #include <ac_nonexistent.h>
configure:12516: result: /home/user/SDKS/ANDROID/NDK/android-ndk-r13b/toolchains/arm-linux-androideabi-4.9/prebuilt/linux-x86_64/bin/arm-linux-androideabi-g++ -march=armv7-a -mfloat-abi=softfp -DGOOGLE_PROTOBUF_NO_RTTI --sysroot=/home/user/SDKS/ANDROID/NDK/android-ndk-r13b/platforms/android-9/arch-arm -E
configure:12536: /home/user/SDKS/ANDROID/NDK/android-ndk-r13b/toolchains/arm-linux-androideabi-4.9/prebuilt/linux-x86_64/bin/arm-linux-androideabi-g++ -march=armv7-a -mfloat-abi=softfp -DGOOGLE_PROTOBUF_NO_RTTI --sysroot=/home/user/SDKS/ANDROID/NDK/android-ndk-r13b/platforms/android-9/arch-arm -E -D__ANDROID__=1 -DANDROID_STLPORT=1 conftest.cpp
configure:12536: $? = 0
configure:12550: /home/user/SDKS/ANDROID/NDK/android-ndk-r13b/toolchains/arm-linux-androideabi-4.9/prebuilt/linux-x86_64/bin/arm-linux-androideabi-g++ -march=armv7-a -mfloat-abi=softfp -DGOOGLE_PROTOBUF_NO_RTTI --sysroot=/home/user/SDKS/ANDROID/NDK/android-ndk-r13b/platforms/android-9/arch-arm -E -D__ANDROID__=1 -DANDROID_STLPORT=1 conftest.cpp
conftest.cpp:23:28: fatal error: ac_nonexistent.h: No such file or directory
 #include <ac_nonexistent.h>
                            ^
compilation terminated.
configure:12550: $? = 1
configure: failed program was:
| /* confdefs.h */
| #define PACKAGE_NAME "Google C++ Mocking Framework"
| #define PACKAGE_TARNAME "gmock"
| #define PACKAGE_VERSION "1.7.0"
| #define PACKAGE_STRING "Google C++ Mocking Framework 1.7.0"
| #define PACKAGE_BUGREPORT "googlemock@googlegroups.com"
| #define PACKAGE_URL ""
| #define PACKAGE "gmock"
| #define VERSION "1.7.0"
| #define STDC_HEADERS 1
| #define HAVE_SYS_TYPES_H 1
| #define HAVE_SYS_STAT_H 1
| #define HAVE_STDLIB_H 1
| #define HAVE_STRING_H 1
| #define HAVE_MEMORY_H 1
| #define HAVE_STRINGS_H 1
| #define HAVE_INTTYPES_H 1
| #define HAVE_STDINT_H 1
| #define HAVE_UNISTD_H 1
| #define HAVE_DLFCN_H 1
| #define LT_OBJDIR ".libs/"
| /* end confdefs.h.  */
| #include <ac_nonexistent.h>
configure:12712: checking for ld used by /home/user/SDKS/ANDROID/NDK/android-ndk-r13b/toolchains/arm-linux-androideabi-4.9/prebuilt/linux-x86_64/bin/arm-linux-androideabi-g++ -march=armv7-a -mfloat-abi=softfp -DGOOGLE_PROTOBUF_NO_RTTI --sysroot=/home/user/SDKS/ANDROID/NDK/android-ndk-r13b/platforms/android-9/arch-arm
configure:12779: result: /home/user/SDKS/ANDROID/NDK/android-ndk-r13b/toolchains/arm-linux-androideabi-4.9/prebuilt/linux-x86_64/arm-linux-androideabi/bin/ld --sysroot=/home/user/SDKS/ANDROID/NDK/android-ndk-r13b/platforms/android-9/arch-arm
configure:12786: checking if the linker (/home/user/SDKS/ANDROID/NDK/android-ndk-r13b/toolchains/arm-linux-androideabi-4.9/prebuilt/linux-x86_64/arm-linux-androideabi/bin/ld --sysroot=/home/user/SDKS/ANDROID/NDK/android-ndk-r13b/platforms/android-9/arch-arm) is GNU ld
configure:12801: result: yes
configure:12856: checking whether the /home/user/SDKS/ANDROID/NDK/android-ndk-r13b/toolchains/arm-linux-androideabi-4.9/prebuilt/linux-x86_64/bin/arm-linux-androideabi-g++ -march=armv7-a -mfloat-abi=softfp -DGOOGLE_PROTOBUF_NO_RTTI --sysroot=/home/user/SDKS/ANDROID/NDK/android-ndk-r13b/platforms/android-9/arch-arm linker (/home/user/SDKS/ANDROID/NDK/android-ndk-r13b/toolchains/arm-linux-androideabi-4.9/prebuilt/linux-x86_64/arm-linux-androideabi/bin/ld --sysroot=/home/user/SDKS/ANDROID/NDK/android-ndk-r13b/platforms/android-9/arch-arm) supports shared libraries
configure:13929: result: yes
configure:13965: /home/user/SDKS/ANDROID/NDK/android-ndk-r13b/toolchains/arm-linux-androideabi-4.9/prebuilt/linux-x86_64/bin/arm-linux-androideabi-g++ -march=armv7-a -mfloat-abi=softfp -DGOOGLE_PROTOBUF_NO_RTTI --sysroot=/home/user/SDKS/ANDROID/NDK/android-ndk-r13b/platforms/android-9/arch-arm -c -march=armv7-a -mfloat-abi=softfp -DGOOGLE_PROTOBUF_NO_RTTI --sysroot=/home/user/SDKS/ANDROID/NDK/android-ndk-r13b/platforms/android-9/arch-arm -D__ANDROID__=1 -DANDROID_STLPORT=1 conftest.cpp >&5
configure:13968: $? = 0
configure:14449: checking for /home/user/SDKS/ANDROID/NDK/android-ndk-r13b/toolchains/arm-linux-androideabi-4.9/prebuilt/linux-x86_64/bin/arm-linux-androideabi-g++ -march=armv7-a -mfloat-abi=softfp -DGOOGLE_PROTOBUF_NO_RTTI --sysroot=/home/user/SDKS/ANDROID/NDK/android-ndk-r13b/platforms/android-9/arch-arm option to produce PIC
configure:14456: result: -fPIC -DPIC
configure:14464: checking if /home/user/SDKS/ANDROID/NDK/android-ndk-r13b/toolchains/arm-linux-androideabi-4.9/prebuilt/linux-x86_64/bin/arm-linux-androideabi-g++ -march=armv7-a -mfloat-abi=softfp -DGOOGLE_PROTOBUF_NO_RTTI --sysroot=/home/user/SDKS/ANDROID/NDK/android-ndk-r13b/platforms/android-9/arch-arm PIC flag -fPIC -DPIC works
configure:14482: /home/user/SDKS/ANDROID/NDK/android-ndk-r13b/toolchains/arm-linux-androideabi-4.9/prebuilt/linux-x86_64/bin/arm-linux-androideabi-g++ -march=armv7-a -mfloat-abi=softfp -DGOOGLE_PROTOBUF_NO_RTTI --sysroot=/home/user/SDKS/ANDROID/NDK/android-ndk-r13b/platforms/android-9/arch-arm -c -march=armv7-a -mfloat-abi=softfp -DGOOGLE_PROTOBUF_NO_RTTI --sysroot=/home/user/SDKS/ANDROID/NDK/android-ndk-r13b/platforms/android-9/arch-arm -D__ANDROID__=1 -DANDROID_STLPORT=1 -fPIC -DPIC -DPIC conftest.cpp >&5
configure:14486: $? = 0
configure:14499: result: yes
configure:14522: checking if /home/user/SDKS/ANDROID/NDK/android-ndk-r13b/toolchains/arm-linux-androideabi-4.9/prebuilt/linux-x86_64/bin/arm-linux-androideabi-g++ -march=armv7-a -mfloat-abi=softfp -DGOOGLE_PROTOBUF_NO_RTTI --sysroot=/home/user/SDKS/ANDROID/NDK/android-ndk-r13b/platforms/android-9/arch-arm static flag -static works
configure:14550: result: no
configure:14562: checking if /home/user/SDKS/ANDROID/NDK/android-ndk-r13b/toolchains/arm-linux-androideabi-4.9/prebuilt/linux-x86_64/bin/arm-linux-androideabi-g++ -march=armv7-a -mfloat-abi=softfp -DGOOGLE_PROTOBUF_NO_RTTI --sysroot=/home/user/SDKS/ANDROID/NDK/android-ndk-r13b/platforms/android-9/arch-arm supports -c -o file.o
configure:14583: /home/user/SDKS/ANDROID/NDK/android-ndk-r13b/toolchains/arm-linux-androideabi-4.9/prebuilt/linux-x86_64/bin/arm-linux-androideabi-g++ -march=armv7-a -mfloat-abi=softfp -DGOOGLE_PROTOBUF_NO_RTTI --sysroot=/home/user/SDKS/ANDROID/NDK/android-ndk-r13b/platforms/android-9/arch-arm -c -march=armv7-a -mfloat-abi=softfp -DGOOGLE_PROTOBUF_NO_RTTI --sysroot=/home/user/SDKS/ANDROID/NDK/android-ndk-r13b/platforms/android-9/arch-arm -D__ANDROID__=1 -DANDROID_STLPORT=1 -o out/conftest2.o conftest.cpp >&5
configure:14587: $? = 0
configure:14609: result: yes
configure:14614: checking if /home/user/SDKS/ANDROID/NDK/android-ndk-r13b/toolchains/arm-linux-androideabi-4.9/prebuilt/linux-x86_64/bin/arm-linux-androideabi-g++ -march=armv7-a -mfloat-abi=softfp -DGOOGLE_PROTOBUF_NO_RTTI --sysroot=/home/user/SDKS/ANDROID/NDK/android-ndk-r13b/platforms/android-9/arch-arm supports -c -o file.o
configure:14661: result: yes
configure:14691: checking whether the /home/user/SDKS/ANDROID/NDK/android-ndk-r13b/toolchains/arm-linux-androideabi-4.9/prebuilt/linux-x86_64/bin/arm-linux-androideabi-g++ -march=armv7-a -mfloat-abi=softfp -DGOOGLE_PROTOBUF_NO_RTTI --sysroot=/home/user/SDKS/ANDROID/NDK/android-ndk-r13b/platforms/android-9/arch-arm linker (/home/user/SDKS/ANDROID/NDK/android-ndk-r13b/toolchains/arm-linux-androideabi-4.9/prebuilt/linux-x86_64/arm-linux-androideabi/bin/ld --sysroot=/home/user/SDKS/ANDROID/NDK/android-ndk-r13b/platforms/android-9/arch-arm) supports shared libraries
configure:14734: result: yes
configure:14875: checking dynamic linker characteristics
configure:15632: result: Android linker
configure:15697: checking how to hardcode library paths into programs
configure:15722: result: immediate
configure:15792: checking for python
configure:15810: found /usr/bin/python
configure:15823: result: /usr/bin/python
configure:15841: /usr/bin/python -c import sys # split strings by '.' and convert to numeric. Append some zeros # because we need at least 4 digits for the hex conversion. # map returns an iterator in Python 3.0 and a list in 2.x minver = list(map(int, '2.3'.split('.'))) + [0, 0, 0] minverhex = 0 # xrange is not present in Python 3.0 and range returns an iterator for i in list(range(0, 4)): minverhex = (minverhex << 8) + minver[i] sys.exit(sys.hexversion < minverhex)
configure:15844: $? = 0
configure:16039: checking for the pthreads library -lpthreads
configure:16072: /home/user/SDKS/ANDROID/NDK/android-ndk-r13b/toolchains/arm-linux-androideabi-4.9/prebuilt/linux-x86_64/bin/arm-linux-androideabi-g++ -march=armv7-a -mfloat-abi=softfp -DGOOGLE_PROTOBUF_NO_RTTI --sysroot=/home/user/SDKS/ANDROID/NDK/android-ndk-r13b/platforms/android-9/arch-arm -o conftest   -D__ANDROID__=1 -DANDROID_STLPORT=1 --sysroot=/home/user/SDKS/ANDROID/NDK/android-ndk-r13b/platforms/android-9/arch-arm conftest.c -lpthreads -llog /home/user/SDKS/ANDROID/NDK/android-ndk-r13b/sources/cxx-stl/stlport/libs/armeabi-v7a/libstlport_static.a >&5
/home/user/SDKS/ANDROID/NDK/android-ndk-r13b/toolchains/arm-linux-androideabi-4.9/prebuilt/linux-x86_64/bin/../lib/gcc/arm-linux-androideabi/4.9.x/../../../../arm-linux-androideabi/bin/ld: error: cannot find -lpthreads
collect2: error: ld returned 1 exit status
configure:16072: $? = 1
configure: failed program was:
| /* confdefs.h */
| #define PACKAGE_NAME "Google C++ Mocking Framework"
| #define PACKAGE_TARNAME "gmock"
| #define PACKAGE_VERSION "1.7.0"
| #define PACKAGE_STRING "Google C++ Mocking Framework 1.7.0"
| #define PACKAGE_BUGREPORT "googlemock@googlegroups.com"
| #define PACKAGE_URL ""
| #define PACKAGE "gmock"
| #define VERSION "1.7.0"
| #define STDC_HEADERS 1
| #define HAVE_SYS_TYPES_H 1
| #define HAVE_SYS_STAT_H 1
| #define HAVE_STDLIB_H 1
| #define HAVE_STRING_H 1
| #define HAVE_MEMORY_H 1
| #define HAVE_STRINGS_H 1
| #define HAVE_INTTYPES_H 1
| #define HAVE_STDINT_H 1
| #define HAVE_UNISTD_H 1
| #define HAVE_DLFCN_H 1
| #define LT_OBJDIR ".libs/"
| /* end confdefs.h.  */
| #include <pthread.h>
| int
| main ()
| {
| pthread_t th; pthread_join(th, 0);
|                      pthread_attr_init(0); pthread_cleanup_push(0, 0);
|                      pthread_create(0,0,0,0); pthread_cleanup_pop(0);
|   ;
|   return 0;
| }
configure:16081: result: no
configure:15984: checking whether pthreads work without any flags
configure:16072: /home/user/SDKS/ANDROID/NDK/android-ndk-r13b/toolchains/arm-linux-androideabi-4.9/prebuilt/linux-x86_64/bin/arm-linux-androideabi-g++ -march=armv7-a -mfloat-abi=softfp -DGOOGLE_PROTOBUF_NO_RTTI --sysroot=/home/user/SDKS/ANDROID/NDK/android-ndk-r13b/platforms/android-9/arch-arm -o conftest   -D__ANDROID__=1 -DANDROID_STLPORT=1 --sysroot=/home/user/SDKS/ANDROID/NDK/android-ndk-r13b/platforms/android-9/arch-arm conftest.c  -llog /home/user/SDKS/ANDROID/NDK/android-ndk-r13b/sources/cxx-stl/stlport/libs/armeabi-v7a/libstlport_static.a >&5
configure:16072: $? = 0
configure:16081: result: yes
configure:16100: checking for joinable pthread attribute
configure:16115: /home/user/SDKS/ANDROID/NDK/android-ndk-r13b/toolchains/arm-linux-androideabi-4.9/prebuilt/linux-x86_64/bin/arm-linux-androideabi-g++ -march=armv7-a -mfloat-abi=softfp -DGOOGLE_PROTOBUF_NO_RTTI --sysroot=/home/user/SDKS/ANDROID/NDK/android-ndk-r13b/platforms/android-9/arch-arm -o conftest   -D__ANDROID__=1 -DANDROID_STLPORT=1 --sysroot=/home/user/SDKS/ANDROID/NDK/android-ndk-r13b/platforms/android-9/arch-arm conftest.c  -llog /home/user/SDKS/ANDROID/NDK/android-ndk-r13b/sources/cxx-stl/stlport/libs/armeabi-v7a/libstlport_static.a >&5
configure:16115: $? = 0
configure:16121: result: PTHREAD_CREATE_JOINABLE
configure:16131: checking if more special flags are required for pthreads
configure:16138: result: no
configure:16227: checking whether to check for GCC pthread/shared inconsistencies
configure:16240: /home/user/SDKS/ANDROID/NDK/android-ndk-r13b/toolchains/arm-linux-androideabi-4.9/prebuilt/linux-x86_64/bin/arm-linux-androideabi-g++ -march=armv7-a -mfloat-abi=softfp -DGOOGLE_PROTOBUF_NO_RTTI --sysroot=/home/user/SDKS/ANDROID/NDK/android-ndk-r13b/platforms/android-9/arch-arm -o conftest -shared -fPIC -Wl,-z,defs   -D__ANDROID__=1 -DANDROID_STLPORT=1 --sysroot=/home/user/SDKS/ANDROID/NDK/android-ndk-r13b/platforms/android-9/arch-arm conftest.c  -llog /home/user/SDKS/ANDROID/NDK/android-ndk-r13b/sources/cxx-stl/stlport/libs/armeabi-v7a/libstlport_static.a >&5
configure:16240: $? = 0
configure:16252: result: yes
configure:16258: checking whether -pthread is sufficient with -shared
configure:16273: /home/user/SDKS/ANDROID/NDK/android-ndk-r13b/toolchains/arm-linux-androideabi-4.9/prebuilt/linux-x86_64/bin/arm-linux-androideabi-g++ -march=armv7-a -mfloat-abi=softfp -DGOOGLE_PROTOBUF_NO_RTTI --sysroot=/home/user/SDKS/ANDROID/NDK/android-ndk-r13b/platforms/android-9/arch-arm -o conftest -shared -fPIC -Wl,-z,defs   -D__ANDROID__=1 -DANDROID_STLPORT=1 --sysroot=/home/user/SDKS/ANDROID/NDK/android-ndk-r13b/platforms/android-9/arch-arm conftest.c  -llog /home/user/SDKS/ANDROID/NDK/android-ndk-r13b/sources/cxx-stl/stlport/libs/armeabi-v7a/libstlport_static.a >&5
configure:16273: $? = 0
configure:16280: result: yes
configure:16475: checking for gtest-config
configure:16508: result: no
configure:16662: checking that generated files are newer than configure
configure:16668: result: done
configure:16703: creating ./config.status

## ---------------------- ##
## Running config.status. ##
## ---------------------- ##

This file was extended by Google C++ Mocking Framework config.status 1.7.0, which was
generated by GNU Autoconf 2.69.  Invocation command line was

  CONFIG_FILES    = 
  CONFIG_HEADERS  = 
  CONFIG_LINKS    = 
  CONFIG_COMMANDS = 
  $ ./config.status 

on user-desktop

config.status:1171: creating Makefile
config.status:1171: creating scripts/gmock-config
config.status:1171: creating build-aux/config.h
config.status:1400: executing depfiles commands
config.status:1400: executing libtool commands
configure:19179: === configuring in gtest (/home/user/git/protobuf-3.3.0/gmock/gtest)
configure:19242: running /bin/bash ./configure --disable-option-checking '--prefix=/usr/local'  '--host=arm-linux-androideabi' '--with-sysroot=/home/user/SDKS/ANDROID/NDK/android-ndk-r13b/platforms/android-9/arch-arm' '--enable-cross-compile' '--with-protoc=protoc' '--disable-static' '--enable-shared' 'CXX=/home/user/SDKS/ANDROID/NDK/android-ndk-r13b/toolchains/arm-linux-androideabi-4.9/prebuilt/linux-x86_64/bin/arm-linux-androideabi-g++ -march=armv7-a -mfloat-abi=softfp -DGOOGLE_PROTOBUF_NO_RTTI --sysroot=/home/user/SDKS/ANDROID/NDK/android-ndk-r13b/platforms/android-9/arch-arm' 'CC=/home/user/SDKS/ANDROID/NDK/android-ndk-r13b/toolchains/arm-linux-androideabi-4.9/prebuilt/linux-x86_64/bin/arm-linux-androideabi-g++ -march=armv7-a -mfloat-abi=softfp -DGOOGLE_PROTOBUF_NO_RTTI --sysroot=/home/user/SDKS/ANDROID/NDK/android-ndk-r13b/platforms/android-9/arch-arm' 'LD=/home/user/SDKS/ANDROID/NDK/android-ndk-r13b/toolchains/arm-linux-androideabi-4.9/prebuilt/linux-x86_64/arm-linux-androideabi/bin/ld --sysroot=/home/user/SDKS/ANDROID/NDK/android-ndk-r13b/platforms/android-9/arch-arm' 'host_alias=arm-linux-androideabi' 'LDFLAGS=--sysroot=/home/user/SDKS/ANDROID/NDK/android-ndk-r13b/platforms/android-9/arch-arm' 'LIBS=-llog /home/user/SDKS/ANDROID/NDK/android-ndk-r13b/sources/cxx-stl/stlport/libs/armeabi-v7a/libstlport_static.a' 'CPPFLAGS=-D__ANDROID__=1 -DANDROID_STLPORT=1' 'CXXFLAGS=-march=armv7-a -mfloat-abi=softfp -DGOOGLE_PROTOBUF_NO_RTTI --sysroot=/home/user/SDKS/ANDROID/NDK/android-ndk-r13b/platforms/android-9/arch-arm' 'CFLAGS=' --cache-file=/dev/null --srcdir=.

## ---------------- ##
## Cache variables. ##
## ---------------- ##

ac_cv_build=x86_64-pc-linux-gnu
ac_cv_c_compiler_gnu=yes
ac_cv_cxx_compiler_gnu=yes
ac_cv_env_CCC_set=
ac_cv_env_CCC_value=
ac_cv_env_CC_set=set
ac_cv_env_CC_value='/home/user/SDKS/ANDROID/NDK/android-ndk-r13b/toolchains/arm-linux-androideabi-4.9/prebuilt/linux-x86_64/bin/arm-linux-androideabi-g++ -march=armv7-a -mfloat-abi=softfp -DGOOGLE_PROTOBUF_NO_RTTI --sysroot=/home/user/SDKS/ANDROID/NDK/android-ndk-r13b/platforms/android-9/arch-arm'
ac_cv_env_CFLAGS_set=set
ac_cv_env_CFLAGS_value=
ac_cv_env_CPPFLAGS_set=set
ac_cv_env_CPPFLAGS_value='-D__ANDROID__=1 -DANDROID_STLPORT=1'
ac_cv_env_CPP_set=
ac_cv_env_CPP_value=
ac_cv_env_CXXCPP_set=
ac_cv_env_CXXCPP_value=
ac_cv_env_CXXFLAGS_set=set
ac_cv_env_CXXFLAGS_value='-march=armv7-a -mfloat-abi=softfp -DGOOGLE_PROTOBUF_NO_RTTI --sysroot=/home/user/SDKS/ANDROID/NDK/android-ndk-r13b/platforms/android-9/arch-arm'
ac_cv_env_CXX_set=set
ac_cv_env_CXX_value='/home/user/SDKS/ANDROID/NDK/android-ndk-r13b/toolchains/arm-linux-androideabi-4.9/prebuilt/linux-x86_64/bin/arm-linux-androideabi-g++ -march=armv7-a -mfloat-abi=softfp -DGOOGLE_PROTOBUF_NO_RTTI --sysroot=/home/user/SDKS/ANDROID/NDK/android-ndk-r13b/platforms/android-9/arch-arm'
ac_cv_env_GTEST_CONFIG_set=
ac_cv_env_GTEST_CONFIG_value=
ac_cv_env_GTEST_CPPFLAGS_set=
ac_cv_env_GTEST_CPPFLAGS_value=
ac_cv_env_GTEST_CXXFLAGS_set=
ac_cv_env_GTEST_CXXFLAGS_value=
ac_cv_env_GTEST_LDFLAGS_set=
ac_cv_env_GTEST_LDFLAGS_value=
ac_cv_env_GTEST_LIBS_set=
ac_cv_env_GTEST_LIBS_value=
ac_cv_env_GTEST_VERSION_set=
ac_cv_env_GTEST_VERSION_value=
ac_cv_env_LDFLAGS_set=set
ac_cv_env_LDFLAGS_value=--sysroot=/home/user/SDKS/ANDROID/NDK/android-ndk-r13b/platforms/android-9/arch-arm
ac_cv_env_LIBS_set=set
ac_cv_env_LIBS_value='-llog /home/user/SDKS/ANDROID/NDK/android-ndk-r13b/sources/cxx-stl/stlport/libs/armeabi-v7a/libstlport_static.a'
ac_cv_env_LT_SYS_LIBRARY_PATH_set=
ac_cv_env_LT_SYS_LIBRARY_PATH_value=
ac_cv_env_build_alias_set=
ac_cv_env_build_alias_value=
ac_cv_env_host_alias_set=set
ac_cv_env_host_alias_value=arm-linux-androideabi
ac_cv_env_target_alias_set=
ac_cv_env_target_alias_value=
ac_cv_header_dlfcn_h=yes
ac_cv_header_inttypes_h=yes
ac_cv_header_memory_h=yes
ac_cv_header_stdc=yes
ac_cv_header_stdint_h=yes
ac_cv_header_stdlib_h=yes
ac_cv_header_string_h=yes
ac_cv_header_strings_h=yes
ac_cv_header_sys_stat_h=yes
ac_cv_header_sys_types_h=yes
ac_cv_header_unistd_h=yes
ac_cv_host=arm-unknown-linux-androideabi
ac_cv_objext=o
ac_cv_path_EGREP='/bin/grep -E'
ac_cv_path_FGREP='/bin/grep -F'
ac_cv_path_GREP=/bin/grep
ac_cv_path_PYTHON=/usr/bin/python
ac_cv_path_SED=/bin/sed
ac_cv_path_install='/usr/bin/install -c'
ac_cv_path_lt_DD=/bin/dd
ac_cv_path_mkdir=/bin/mkdir
ac_cv_prog_AWK=gawk
ac_cv_prog_CC='/home/user/SDKS/ANDROID/NDK/android-ndk-r13b/toolchains/arm-linux-androideabi-4.9/prebuilt/linux-x86_64/bin/arm-linux-androideabi-g++ -march=armv7-a -mfloat-abi=softfp -DGOOGLE_PROTOBUF_NO_RTTI --sysroot=/home/user/SDKS/ANDROID/NDK/android-ndk-r13b/platforms/android-9/arch-arm'
ac_cv_prog_CPP='/home/user/SDKS/ANDROID/NDK/android-ndk-r13b/toolchains/arm-linux-androideabi-4.9/prebuilt/linux-x86_64/bin/arm-linux-androideabi-g++ -march=armv7-a -mfloat-abi=softfp -DGOOGLE_PROTOBUF_NO_RTTI --sysroot=/home/user/SDKS/ANDROID/NDK/android-ndk-r13b/platforms/android-9/arch-arm -E'
ac_cv_prog_CXXCPP='/home/user/SDKS/ANDROID/NDK/android-ndk-r13b/toolchains/arm-linux-androideabi-4.9/prebuilt/linux-x86_64/bin/arm-linux-androideabi-g++ -march=armv7-a -mfloat-abi=softfp -DGOOGLE_PROTOBUF_NO_RTTI --sysroot=/home/user/SDKS/ANDROID/NDK/android-ndk-r13b/platforms/android-9/arch-arm -E'
ac_cv_prog_STRIP=strip
ac_cv_prog_ac_ct_AR=ar
ac_cv_prog_ac_ct_DUMPBIN='link -dump'
ac_cv_prog_ac_ct_MANIFEST_TOOL=mt
ac_cv_prog_ac_ct_OBJDUMP=objdump
ac_cv_prog_ac_ct_RANLIB=ranlib
ac_cv_prog_ac_ct_STRIP=strip
ac_cv_prog_cc_c89=no
ac_cv_prog_cc_g=yes
ac_cv_prog_cxx_g=yes
ac_cv_prog_make_make_set=yes
am_cv_CC_dependencies_compiler_type=gcc3
am_cv_CXX_dependencies_compiler_type=gcc3
am_cv_make_support_nested_variables=yes
am_cv_prog_cc_c_o=yes
lt_cv_ar_at_file=@
lt_cv_archive_cmds_need_lc=no
lt_cv_deplibs_check_method=pass_all
lt_cv_file_magic_cmd='$MAGIC_CMD'
lt_cv_file_magic_test_file=
lt_cv_ld_reload_flag=-r
lt_cv_nm_interface='BSD nm'
lt_cv_objdir=.libs
lt_cv_path_LD='/home/user/SDKS/ANDROID/NDK/android-ndk-r13b/toolchains/arm-linux-androideabi-4.9/prebuilt/linux-x86_64/arm-linux-androideabi/bin/ld --sysroot=/home/user/SDKS/ANDROID/NDK/android-ndk-r13b/platforms/android-9/arch-arm'
lt_cv_path_LDCXX='/home/user/SDKS/ANDROID/NDK/android-ndk-r13b/toolchains/arm-linux-androideabi-4.9/prebuilt/linux-x86_64/arm-linux-androideabi/bin/ld --sysroot=/home/user/SDKS/ANDROID/NDK/android-ndk-r13b/platforms/android-9/arch-arm'
lt_cv_path_NM=no
lt_cv_path_mainfest_tool=no
lt_cv_prog_compiler_c_o=yes
lt_cv_prog_compiler_c_o_CXX=yes
lt_cv_prog_compiler_pic='-fPIC -DPIC'
lt_cv_prog_compiler_pic_CXX='-fPIC -DPIC'
lt_cv_prog_compiler_pic_works=yes
lt_cv_prog_compiler_pic_works_CXX=yes
lt_cv_prog_compiler_rtti_exceptions=yes
lt_cv_prog_compiler_static_works=no
lt_cv_prog_compiler_static_works_CXX=no
lt_cv_prog_gnu_ld=yes
lt_cv_prog_gnu_ldcxx=yes
lt_cv_sharedlib_from_linklib_cmd='printf %s\n'
lt_cv_sys_global_symbol_pipe='sed -n -e '\''s/^.*[	 ]\([ABCDGIRSTW][ABCDGIRSTW]*\)[	 ][	 ]*\([_A-Za-z][_A-Za-z0-9]*\)$/\1 \2 \2/p'\'' | sed '\''/ __gnu_lto/d'\'''
lt_cv_sys_global_symbol_to_c_name_address='sed -n -e '\''s/^: \(.*\) .*$/  {"\1", (void *) 0},/p'\'' -e '\''s/^[ABCDGIRSTW][ABCDGIRSTW]* .* \(.*\)$/  {"\1", (void *) \&\1},/p'\'''
lt_cv_sys_global_symbol_to_c_name_address_lib_prefix='sed -n -e '\''s/^: \(.*\) .*$/  {"\1", (void *) 0},/p'\'' -e '\''s/^[ABCDGIRSTW][ABCDGIRSTW]* .* \(lib.*\)$/  {"\1", (void *) \&\1},/p'\'' -e '\''s/^[ABCDGIRSTW][ABCDGIRSTW]* .* \(.*\)$/  {"lib\1", (void *) \&\1},/p'\'''
lt_cv_sys_global_symbol_to_cdecl='sed -n -e '\''s/^T .* \(.*\)$/extern int \1();/p'\'' -e '\''s/^[ABCDGIRSTW][ABCDGIRSTW]* .* \(.*\)$/extern char \1;/p'\'''
lt_cv_sys_global_symbol_to_import=
lt_cv_sys_max_cmd_len=1572864
lt_cv_to_host_file_cmd=func_convert_file_noop
lt_cv_to_tool_file_cmd=func_convert_file_noop
lt_cv_truncate_bin='/bin/dd bs=4096 count=1'

## ----------------- ##
## Output variables. ##
## ----------------- ##

ACLOCAL='${SHELL} /home/user/git/protobuf-3.3.0/gmock/build-aux/missing aclocal-1.15'
AMDEPBACKSLASH='\'
AMDEP_FALSE='#'
AMDEP_TRUE=''
AMTAR='$${TAR-tar}'
AM_BACKSLASH='\'
AM_DEFAULT_V='$(AM_DEFAULT_VERBOSITY)'
AM_DEFAULT_VERBOSITY='1'
AM_V='$(V)'
AR='ar'
AUTOCONF='${SHELL} /home/user/git/protobuf-3.3.0/gmock/build-aux/missing autoconf'
AUTOHEADER='${SHELL} /home/user/git/protobuf-3.3.0/gmock/build-aux/missing autoheader'
AUTOMAKE='${SHELL} /home/user/git/protobuf-3.3.0/gmock/build-aux/missing automake-1.15'
AWK='gawk'
CC='/home/user/SDKS/ANDROID/NDK/android-ndk-r13b/toolchains/arm-linux-androideabi-4.9/prebuilt/linux-x86_64/bin/arm-linux-androideabi-g++ -march=armv7-a -mfloat-abi=softfp -DGOOGLE_PROTOBUF_NO_RTTI --sysroot=/home/user/SDKS/ANDROID/NDK/android-ndk-r13b/platforms/android-9/arch-arm'
CCDEPMODE='depmode=gcc3'
CFLAGS=''
CPP='/home/user/SDKS/ANDROID/NDK/android-ndk-r13b/toolchains/arm-linux-androideabi-4.9/prebuilt/linux-x86_64/bin/arm-linux-androideabi-g++ -march=armv7-a -mfloat-abi=softfp -DGOOGLE_PROTOBUF_NO_RTTI --sysroot=/home/user/SDKS/ANDROID/NDK/android-ndk-r13b/platforms/android-9/arch-arm -E'
CPPFLAGS='-D__ANDROID__=1 -DANDROID_STLPORT=1'
CXX='/home/user/SDKS/ANDROID/NDK/android-ndk-r13b/toolchains/arm-linux-androideabi-4.9/prebuilt/linux-x86_64/bin/arm-linux-androideabi-g++ -march=armv7-a -mfloat-abi=softfp -DGOOGLE_PROTOBUF_NO_RTTI --sysroot=/home/user/SDKS/ANDROID/NDK/android-ndk-r13b/platforms/android-9/arch-arm'
CXXCPP='/home/user/SDKS/ANDROID/NDK/android-ndk-r13b/toolchains/arm-linux-androideabi-4.9/prebuilt/linux-x86_64/bin/arm-linux-androideabi-g++ -march=armv7-a -mfloat-abi=softfp -DGOOGLE_PROTOBUF_NO_RTTI --sysroot=/home/user/SDKS/ANDROID/NDK/android-ndk-r13b/platforms/android-9/arch-arm -E'
CXXDEPMODE='depmode=gcc3'
CXXFLAGS='-march=armv7-a -mfloat-abi=softfp -DGOOGLE_PROTOBUF_NO_RTTI --sysroot=/home/user/SDKS/ANDROID/NDK/android-ndk-r13b/platforms/android-9/arch-arm'
CYGPATH_W='echo'
DEFS='-DHAVE_CONFIG_H'
DEPDIR='.deps'
DLLTOOL='false'
DSYMUTIL=''
DUMPBIN=':'
ECHO_C=''
ECHO_N='-n'
ECHO_T=''
EGREP='/bin/grep -E'
EXEEXT=''
FGREP='/bin/grep -F'
GREP='/bin/grep'
GTEST_CONFIG='/home/user/git/protobuf-3.3.0/gmock/gtest/scripts/gtest-config'
GTEST_CPPFLAGS='-I$(top_srcdir)/gtest/include'
GTEST_CXXFLAGS='-g'
GTEST_LDFLAGS=''
GTEST_LIBS='$(top_builddir)/gtest/lib/libgtest.la'
GTEST_VERSION='1.7.0'
HAVE_PTHREADS_FALSE='#'
HAVE_PTHREADS_TRUE=''
HAVE_PYTHON_FALSE='#'
HAVE_PYTHON_TRUE=''
INSTALL_DATA='${INSTALL} -m 644'
INSTALL_PROGRAM='${INSTALL}'
INSTALL_SCRIPT='${INSTALL}'
INSTALL_STRIP_PROGRAM='$(install_sh) -c -s'
LD='/home/user/SDKS/ANDROID/NDK/android-ndk-r13b/toolchains/arm-linux-androideabi-4.9/prebuilt/linux-x86_64/arm-linux-androideabi/bin/ld --sysroot=/home/user/SDKS/ANDROID/NDK/android-ndk-r13b/platforms/android-9/arch-arm'
LDFLAGS='--sysroot=/home/user/SDKS/ANDROID/NDK/android-ndk-r13b/platforms/android-9/arch-arm'
LIBOBJS=''
LIBS='-llog /home/user/SDKS/ANDROID/NDK/android-ndk-r13b/sources/cxx-stl/stlport/libs/armeabi-v7a/libstlport_static.a'
LIBTOOL='$(SHELL) $(top_builddir)/libtool'
LIPO=''
LN_S='ln -s'
LTLIBOBJS=''
LT_SYS_LIBRARY_PATH=''
MAKEINFO='${SHELL} /home/user/git/protobuf-3.3.0/gmock/build-aux/missing makeinfo'
MANIFEST_TOOL=':'
MKDIR_P='/bin/mkdir -p'
NM='nm'
NMEDIT=''
OBJDUMP='objdump'
OBJEXT='o'
OTOOL64=''
OTOOL=''
PACKAGE='gmock'
PACKAGE_BUGREPORT='googlemock@googlegroups.com'
PACKAGE_NAME='Google C++ Mocking Framework'
PACKAGE_STRING='Google C++ Mocking Framework 1.7.0'
PACKAGE_TARNAME='gmock'
PACKAGE_URL=''
PACKAGE_VERSION='1.7.0'
PATH_SEPARATOR=':'
PTHREAD_CC='/home/user/SDKS/ANDROID/NDK/android-ndk-r13b/toolchains/arm-linux-androideabi-4.9/prebuilt/linux-x86_64/bin/arm-linux-androideabi-g++ -march=armv7-a -mfloat-abi=softfp -DGOOGLE_PROTOBUF_NO_RTTI --sysroot=/home/user/SDKS/ANDROID/NDK/android-ndk-r13b/platforms/android-9/arch-arm'
PTHREAD_CFLAGS=''
PTHREAD_LIBS=''
PYTHON='/usr/bin/python'
RANLIB='ranlib'
SED='/bin/sed'
SET_MAKE=''
SHELL='/bin/bash'
STRIP='strip'
VERSION='1.7.0'
ac_ct_AR='ar'
ac_ct_CC=''
ac_ct_CXX=''
ac_ct_DUMPBIN='link -dump'
acx_pthread_config=''
am__EXEEXT_FALSE=''
am__EXEEXT_TRUE='#'
am__fastdepCC_FALSE='#'
am__fastdepCC_TRUE=''
am__fastdepCXX_FALSE='#'
am__fastdepCXX_TRUE=''
am__include='include'
am__isrc=''
am__leading_dot='.'
am__nodep='_no'
am__quote=''
am__tar='$${TAR-tar} chof - "$$tardir"'
am__untar='$${TAR-tar} xf -'
bindir='${exec_prefix}/bin'
build='x86_64-pc-linux-gnu'
build_alias=''
build_cpu='x86_64'
build_os='linux-gnu'
build_vendor='pc'
datadir='${datarootdir}'
datarootdir='${prefix}/share'
docdir='${datarootdir}/doc/${PACKAGE_TARNAME}'
dvidir='${docdir}'
exec_prefix='${prefix}'
host='arm-unknown-linux-androideabi'
host_alias='arm-linux-androideabi'
host_cpu='arm'
host_os='linux-androideabi'
host_vendor='unknown'
htmldir='${docdir}'
includedir='${prefix}/include'
infodir='${datarootdir}/info'
install_sh='${SHELL} /home/user/git/protobuf-3.3.0/gmock/build-aux/install-sh'
libdir='${exec_prefix}/lib'
libexecdir='${exec_prefix}/libexec'
localedir='${datarootdir}/locale'
localstatedir='${prefix}/var'
mandir='${datarootdir}/man'
mkdir_p='$(MKDIR_P)'
oldincludedir='/usr/include'
pdfdir='${docdir}'
prefix='/usr/local'
program_transform_name='s,x,x,'
psdir='${docdir}'
runstatedir='${localstatedir}/run'
sbindir='${exec_prefix}/sbin'
sharedstatedir='${prefix}/com'
subdirs=' gtest'
sysconfdir='${prefix}/etc'
target_alias=''

## ----------- ##
## confdefs.h. ##
## ----------- ##

/* confdefs.h */
#define PACKAGE_NAME "Google C++ Mocking Framework"
#define PACKAGE_TARNAME "gmock"
#define PACKAGE_VERSION "1.7.0"
#define PACKAGE_STRING "Google C++ Mocking Framework 1.7.0"
#define PACKAGE_BUGREPORT "googlemock@googlegroups.com"
#define PACKAGE_URL ""
#define PACKAGE "gmock"
#define VERSION "1.7.0"
#define STDC_HEADERS 1
#define HAVE_SYS_TYPES_H 1
#define HAVE_SYS_STAT_H 1
#define HAVE_STDLIB_H 1
#define HAVE_STRING_H 1
#define HAVE_MEMORY_H 1
#define HAVE_STRINGS_H 1
#define HAVE_INTTYPES_H 1
#define HAVE_STDINT_H 1
#define HAVE_UNISTD_H 1
#define HAVE_DLFCN_H 1
#define LT_OBJDIR ".libs/"
#define HAVE_PTHREAD 1

configure: exit 0
